                              1 ;--------------------------------------------------------
                              2 ; File Created by SDCC : free open source ANSI-C Compiler
                              3 ; Version 3.4.0 #8981 (Jul 12 2014) (Linux)
                              4 ; This file was generated Mon Jan 18 22:50:17 2016
                              5 ;--------------------------------------------------------
                              6 	.module curve_rom
                              7 	.optsdcc -mz80
                              8 	
                              9 ;--------------------------------------------------------
                             10 ; Public variables in this module
                             11 ;--------------------------------------------------------
                             12 	.globl _curve
                             13 	.globl _curve_length
                             14 ;--------------------------------------------------------
                             15 ; special function registers
                             16 ;--------------------------------------------------------
                             17 ;--------------------------------------------------------
                             18 ; ram data
                             19 ;--------------------------------------------------------
                             20 	.area _DATA
                             21 ;--------------------------------------------------------
                             22 ; ram data
                             23 ;--------------------------------------------------------
                             24 	.area _INITIALIZED
                             25 ;--------------------------------------------------------
                             26 ; absolute external ram data
                             27 ;--------------------------------------------------------
                             28 	.area _DABS (ABS)
                             29 ;--------------------------------------------------------
                             30 ; global & static initialisations
                             31 ;--------------------------------------------------------
                             32 	.area _HOME
                             33 	.area _GSINIT
                             34 	.area _GSFINAL
                             35 	.area _GSINIT
                             36 ;--------------------------------------------------------
                             37 ; Home
                             38 ;--------------------------------------------------------
                             39 	.area _HOME
                             40 	.area _HOME
                             41 ;--------------------------------------------------------
                             42 ; code
                             43 ;--------------------------------------------------------
                             44 	.area _CODE
                             45 	.area _CODE
   0000                      46 _curve_length:
   0000 A0 05                47 	.dw #0x05A0
   0002                      48 _curve:
   0002 4C                   49 	.db #0x4C	; 76	'L'
   0003 5C                   50 	.db #0x5C	; 92
   0004 4D                   51 	.db #0x4D	; 77	'M'
   0005 5B                   52 	.db #0x5B	; 91
   0006 4F                   53 	.db #0x4F	; 79	'O'
   0007 5B                   54 	.db #0x5B	; 91
   0008 51                   55 	.db #0x51	; 81	'Q'
   0009 5B                   56 	.db #0x5B	; 91
   000A 53                   57 	.db #0x53	; 83	'S'
   000B 5B                   58 	.db #0x5B	; 91
   000C 55                   59 	.db #0x55	; 85	'U'
   000D 5B                   60 	.db #0x5B	; 91
   000E 57                   61 	.db #0x57	; 87	'W'
   000F 5B                   62 	.db #0x5B	; 91
   0010 59                   63 	.db #0x59	; 89	'Y'
   0011 5B                   64 	.db #0x5B	; 91
   0012 5B                   65 	.db #0x5B	; 91
   0013 5B                   66 	.db #0x5B	; 91
   0014 5D                   67 	.db #0x5D	; 93
   0015 5B                   68 	.db #0x5B	; 91
   0016 5F                   69 	.db #0x5F	; 95
   0017 5B                   70 	.db #0x5B	; 91
   0018 61                   71 	.db #0x61	; 97	'a'
   0019 5B                   72 	.db #0x5B	; 91
   001A 63                   73 	.db #0x63	; 99	'c'
   001B 5A                   74 	.db #0x5A	; 90	'Z'
   001C 65                   75 	.db #0x65	; 101	'e'
   001D 5A                   76 	.db #0x5A	; 90	'Z'
   001E 67                   77 	.db #0x67	; 103	'g'
   001F 5A                   78 	.db #0x5A	; 90	'Z'
   0020 69                   79 	.db #0x69	; 105	'i'
   0021 5A                   80 	.db #0x5A	; 90	'Z'
   0022 6A                   81 	.db #0x6A	; 106	'j'
   0023 5A                   82 	.db #0x5A	; 90	'Z'
   0024 6C                   83 	.db #0x6C	; 108	'l'
   0025 59                   84 	.db #0x59	; 89	'Y'
   0026 6E                   85 	.db #0x6E	; 110	'n'
   0027 59                   86 	.db #0x59	; 89	'Y'
   0028 70                   87 	.db #0x70	; 112	'p'
   0029 59                   88 	.db #0x59	; 89	'Y'
   002A 71                   89 	.db #0x71	; 113	'q'
   002B 59                   90 	.db #0x59	; 89	'Y'
   002C 73                   91 	.db #0x73	; 115	's'
   002D 58                   92 	.db #0x58	; 88	'X'
   002E 75                   93 	.db #0x75	; 117	'u'
   002F 58                   94 	.db #0x58	; 88	'X'
   0030 77                   95 	.db #0x77	; 119	'w'
   0031 58                   96 	.db #0x58	; 88	'X'
   0032 78                   97 	.db #0x78	; 120	'x'
   0033 58                   98 	.db #0x58	; 88	'X'
   0034 7A                   99 	.db #0x7A	; 122	'z'
   0035 57                  100 	.db #0x57	; 87	'W'
   0036 7B                  101 	.db #0x7B	; 123
   0037 57                  102 	.db #0x57	; 87	'W'
   0038 7D                  103 	.db #0x7D	; 125
   0039 56                  104 	.db #0x56	; 86	'V'
   003A 7E                  105 	.db #0x7E	; 126
   003B 56                  106 	.db #0x56	; 86	'V'
   003C 80                  107 	.db #0x80	; 128
   003D 56                  108 	.db #0x56	; 86	'V'
   003E 81                  109 	.db #0x81	; 129
   003F 55                  110 	.db #0x55	; 85	'U'
   0040 83                  111 	.db #0x83	; 131
   0041 55                  112 	.db #0x55	; 85	'U'
   0042 84                  113 	.db #0x84	; 132
   0043 55                  114 	.db #0x55	; 85	'U'
   0044 85                  115 	.db #0x85	; 133
   0045 54                  116 	.db #0x54	; 84	'T'
   0046 87                  117 	.db #0x87	; 135
   0047 54                  118 	.db #0x54	; 84	'T'
   0048 88                  119 	.db #0x88	; 136
   0049 53                  120 	.db #0x53	; 83	'S'
   004A 89                  121 	.db #0x89	; 137
   004B 53                  122 	.db #0x53	; 83	'S'
   004C 8A                  123 	.db #0x8A	; 138
   004D 52                  124 	.db #0x52	; 82	'R'
   004E 8B                  125 	.db #0x8B	; 139
   004F 52                  126 	.db #0x52	; 82	'R'
   0050 8C                  127 	.db #0x8C	; 140
   0051 51                  128 	.db #0x51	; 81	'Q'
   0052 8D                  129 	.db #0x8D	; 141
   0053 51                  130 	.db #0x51	; 81	'Q'
   0054 8E                  131 	.db #0x8E	; 142
   0055 50                  132 	.db #0x50	; 80	'P'
   0056 8F                  133 	.db #0x8F	; 143
   0057 50                  134 	.db #0x50	; 80	'P'
   0058 90                  135 	.db #0x90	; 144
   0059 4F                  136 	.db #0x4F	; 79	'O'
   005A 91                  137 	.db #0x91	; 145
   005B 4F                  138 	.db #0x4F	; 79	'O'
   005C 92                  139 	.db #0x92	; 146
   005D 4E                  140 	.db #0x4E	; 78	'N'
   005E 92                  141 	.db #0x92	; 146
   005F 4D                  142 	.db #0x4D	; 77	'M'
   0060 93                  143 	.db #0x93	; 147
   0061 4D                  144 	.db #0x4D	; 77	'M'
   0062 94                  145 	.db #0x94	; 148
   0063 4C                  146 	.db #0x4C	; 76	'L'
   0064 94                  147 	.db #0x94	; 148
   0065 4C                  148 	.db #0x4C	; 76	'L'
   0066 95                  149 	.db #0x95	; 149
   0067 4B                  150 	.db #0x4B	; 75	'K'
   0068 95                  151 	.db #0x95	; 149
   0069 4A                  152 	.db #0x4A	; 74	'J'
   006A 96                  153 	.db #0x96	; 150
   006B 4A                  154 	.db #0x4A	; 74	'J'
   006C 96                  155 	.db #0x96	; 150
   006D 49                  156 	.db #0x49	; 73	'I'
   006E 97                  157 	.db #0x97	; 151
   006F 49                  158 	.db #0x49	; 73	'I'
   0070 97                  159 	.db #0x97	; 151
   0071 48                  160 	.db #0x48	; 72	'H'
   0072 97                  161 	.db #0x97	; 151
   0073 47                  162 	.db #0x47	; 71	'G'
   0074 97                  163 	.db #0x97	; 151
   0075 47                  164 	.db #0x47	; 71	'G'
   0076 97                  165 	.db #0x97	; 151
   0077 46                  166 	.db #0x46	; 70	'F'
   0078 97                  167 	.db #0x97	; 151
   0079 45                  168 	.db #0x45	; 69	'E'
   007A 98                  169 	.db #0x98	; 152
   007B 45                  170 	.db #0x45	; 69	'E'
   007C 97                  171 	.db #0x97	; 151
   007D 44                  172 	.db #0x44	; 68	'D'
   007E 97                  173 	.db #0x97	; 151
   007F 43                  174 	.db #0x43	; 67	'C'
   0080 97                  175 	.db #0x97	; 151
   0081 42                  176 	.db #0x42	; 66	'B'
   0082 97                  177 	.db #0x97	; 151
   0083 42                  178 	.db #0x42	; 66	'B'
   0084 97                  179 	.db #0x97	; 151
   0085 41                  180 	.db #0x41	; 65	'A'
   0086 97                  181 	.db #0x97	; 151
   0087 40                  182 	.db #0x40	; 64
   0088 96                  183 	.db #0x96	; 150
   0089 3F                  184 	.db #0x3F	; 63
   008A 96                  185 	.db #0x96	; 150
   008B 3F                  186 	.db #0x3F	; 63
   008C 95                  187 	.db #0x95	; 149
   008D 3E                  188 	.db #0x3E	; 62
   008E 95                  189 	.db #0x95	; 149
   008F 3D                  190 	.db #0x3D	; 61
   0090 94                  191 	.db #0x94	; 148
   0091 3C                  192 	.db #0x3C	; 60
   0092 94                  193 	.db #0x94	; 148
   0093 3C                  194 	.db #0x3C	; 60
   0094 93                  195 	.db #0x93	; 147
   0095 3B                  196 	.db #0x3B	; 59
   0096 92                  197 	.db #0x92	; 146
   0097 3A                  198 	.db #0x3A	; 58
   0098 92                  199 	.db #0x92	; 146
   0099 39                  200 	.db #0x39	; 57	'9'
   009A 91                  201 	.db #0x91	; 145
   009B 39                  202 	.db #0x39	; 57	'9'
   009C 90                  203 	.db #0x90	; 144
   009D 38                  204 	.db #0x38	; 56	'8'
   009E 8F                  205 	.db #0x8F	; 143
   009F 37                  206 	.db #0x37	; 55	'7'
   00A0 8E                  207 	.db #0x8E	; 142
   00A1 36                  208 	.db #0x36	; 54	'6'
   00A2 8D                  209 	.db #0x8D	; 141
   00A3 35                  210 	.db #0x35	; 53	'5'
   00A4 8C                  211 	.db #0x8C	; 140
   00A5 35                  212 	.db #0x35	; 53	'5'
   00A6 8B                  213 	.db #0x8B	; 139
   00A7 34                  214 	.db #0x34	; 52	'4'
   00A8 8A                  215 	.db #0x8A	; 138
   00A9 33                  216 	.db #0x33	; 51	'3'
   00AA 89                  217 	.db #0x89	; 137
   00AB 32                  218 	.db #0x32	; 50	'2'
   00AC 88                  219 	.db #0x88	; 136
   00AD 32                  220 	.db #0x32	; 50	'2'
   00AE 87                  221 	.db #0x87	; 135
   00AF 31                  222 	.db #0x31	; 49	'1'
   00B0 85                  223 	.db #0x85	; 133
   00B1 30                  224 	.db #0x30	; 48	'0'
   00B2 84                  225 	.db #0x84	; 132
   00B3 2F                  226 	.db #0x2F	; 47
   00B4 83                  227 	.db #0x83	; 131
   00B5 2E                  228 	.db #0x2E	; 46
   00B6 81                  229 	.db #0x81	; 129
   00B7 2E                  230 	.db #0x2E	; 46
   00B8 80                  231 	.db #0x80	; 128
   00B9 2E                  232 	.db #0x2E	; 46
   00BA 7E                  233 	.db #0x7E	; 126
   00BB 2D                  234 	.db #0x2D	; 45
   00BC 7D                  235 	.db #0x7D	; 125
   00BD 2C                  236 	.db #0x2C	; 44
   00BE 7B                  237 	.db #0x7B	; 123
   00BF 2B                  238 	.db #0x2B	; 43
   00C0 7A                  239 	.db #0x7A	; 122	'z'
   00C1 2A                  240 	.db #0x2A	; 42
   00C2 78                  241 	.db #0x78	; 120	'x'
   00C3 2A                  242 	.db #0x2A	; 42
   00C4 77                  243 	.db #0x77	; 119	'w'
   00C5 29                  244 	.db #0x29	; 41
   00C6 75                  245 	.db #0x75	; 117	'u'
   00C7 28                  246 	.db #0x28	; 40
   00C8 73                  247 	.db #0x73	; 115	's'
   00C9 27                  248 	.db #0x27	; 39
   00CA 71                  249 	.db #0x71	; 113	'q'
   00CB 27                  250 	.db #0x27	; 39
   00CC 70                  251 	.db #0x70	; 112	'p'
   00CD 26                  252 	.db #0x26	; 38
   00CE 6E                  253 	.db #0x6E	; 110	'n'
   00CF 25                  254 	.db #0x25	; 37
   00D0 6C                  255 	.db #0x6C	; 108	'l'
   00D1 24                  256 	.db #0x24	; 36
   00D2 6A                  257 	.db #0x6A	; 106	'j'
   00D3 23                  258 	.db #0x23	; 35
   00D4 69                  259 	.db #0x69	; 105	'i'
   00D5 23                  260 	.db #0x23	; 35
   00D6 67                  261 	.db #0x67	; 103	'g'
   00D7 22                  262 	.db #0x22	; 34
   00D8 65                  263 	.db #0x65	; 101	'e'
   00D9 21                  264 	.db #0x21	; 33
   00DA 63                  265 	.db #0x63	; 99	'c'
   00DB 20                  266 	.db #0x20	; 32
   00DC 61                  267 	.db #0x61	; 97	'a'
   00DD 20                  268 	.db #0x20	; 32
   00DE 5F                  269 	.db #0x5F	; 95
   00DF 1F                  270 	.db #0x1F	; 31
   00E0 5D                  271 	.db #0x5D	; 93
   00E1 1E                  272 	.db #0x1E	; 30
   00E2 5B                  273 	.db #0x5B	; 91
   00E3 1D                  274 	.db #0x1D	; 29
   00E4 59                  275 	.db #0x59	; 89	'Y'
   00E5 1D                  276 	.db #0x1D	; 29
   00E6 57                  277 	.db #0x57	; 87	'W'
   00E7 1C                  278 	.db #0x1C	; 28
   00E8 55                  279 	.db #0x55	; 85	'U'
   00E9 1B                  280 	.db #0x1B	; 27
   00EA 53                  281 	.db #0x53	; 83	'S'
   00EB 1A                  282 	.db #0x1A	; 26
   00EC 51                  283 	.db #0x51	; 81	'Q'
   00ED 1A                  284 	.db #0x1A	; 26
   00EE 4F                  285 	.db #0x4F	; 79	'O'
   00EF 19                  286 	.db #0x19	; 25
   00F0 4D                  287 	.db #0x4D	; 77	'M'
   00F1 18                  288 	.db #0x18	; 24
   00F2 4C                  289 	.db #0x4C	; 76	'L'
   00F3 18                  290 	.db #0x18	; 24
   00F4 4B                  291 	.db #0x4B	; 75	'K'
   00F5 17                  292 	.db #0x17	; 23
   00F6 49                  293 	.db #0x49	; 73	'I'
   00F7 16                  294 	.db #0x16	; 22
   00F8 47                  295 	.db #0x47	; 71	'G'
   00F9 15                  296 	.db #0x15	; 21
   00FA 45                  297 	.db #0x45	; 69	'E'
   00FB 15                  298 	.db #0x15	; 21
   00FC 43                  299 	.db #0x43	; 67	'C'
   00FD 14                  300 	.db #0x14	; 20
   00FE 41                  301 	.db #0x41	; 65	'A'
   00FF 13                  302 	.db #0x13	; 19
   0100 3F                  303 	.db #0x3F	; 63
   0101 13                  304 	.db #0x13	; 19
   0102 3D                  305 	.db #0x3D	; 61
   0103 12                  306 	.db #0x12	; 18
   0104 3B                  307 	.db #0x3B	; 59
   0105 12                  308 	.db #0x12	; 18
   0106 39                  309 	.db #0x39	; 57	'9'
   0107 11                  310 	.db #0x11	; 17
   0108 37                  311 	.db #0x37	; 55	'7'
   0109 10                  312 	.db #0x10	; 16
   010A 35                  313 	.db #0x35	; 53	'5'
   010B 10                  314 	.db #0x10	; 16
   010C 33                  315 	.db #0x33	; 51	'3'
   010D 0F                  316 	.db #0x0F	; 15
   010E 31                  317 	.db #0x31	; 49	'1'
   010F 0F                  318 	.db #0x0F	; 15
   0110 2F                  319 	.db #0x2F	; 47
   0111 0E                  320 	.db #0x0E	; 14
   0112 2E                  321 	.db #0x2E	; 46
   0113 0D                  322 	.db #0x0D	; 13
   0114 2C                  323 	.db #0x2C	; 44
   0115 0D                  324 	.db #0x0D	; 13
   0116 2A                  325 	.db #0x2A	; 42
   0117 0C                  326 	.db #0x0C	; 12
   0118 28                  327 	.db #0x28	; 40
   0119 0C                  328 	.db #0x0C	; 12
   011A 26                  329 	.db #0x26	; 38
   011B 0B                  330 	.db #0x0B	; 11
   011C 25                  331 	.db #0x25	; 37
   011D 0B                  332 	.db #0x0B	; 11
   011E 23                  333 	.db #0x23	; 35
   011F 0A                  334 	.db #0x0A	; 10
   0120 21                  335 	.db #0x21	; 33
   0121 0A                  336 	.db #0x0A	; 10
   0122 20                  337 	.db #0x20	; 32
   0123 09                  338 	.db #0x09	; 9
   0124 1E                  339 	.db #0x1E	; 30
   0125 09                  340 	.db #0x09	; 9
   0126 1D                  341 	.db #0x1D	; 29
   0127 08                  342 	.db #0x08	; 8
   0128 1B                  343 	.db #0x1B	; 27
   0129 08                  344 	.db #0x08	; 8
   012A 1A                  345 	.db #0x1A	; 26
   012B 07                  346 	.db #0x07	; 7
   012C 18                  347 	.db #0x18	; 24
   012D 07                  348 	.db #0x07	; 7
   012E 17                  349 	.db #0x17	; 23
   012F 07                  350 	.db #0x07	; 7
   0130 15                  351 	.db #0x15	; 21
   0131 06                  352 	.db #0x06	; 6
   0132 14                  353 	.db #0x14	; 20
   0133 06                  354 	.db #0x06	; 6
   0134 13                  355 	.db #0x13	; 19
   0135 06                  356 	.db #0x06	; 6
   0136 11                  357 	.db #0x11	; 17
   0137 05                  358 	.db #0x05	; 5
   0138 10                  359 	.db #0x10	; 16
   0139 05                  360 	.db #0x05	; 5
   013A 0F                  361 	.db #0x0F	; 15
   013B 04                  362 	.db #0x04	; 4
   013C 0E                  363 	.db #0x0E	; 14
   013D 04                  364 	.db #0x04	; 4
   013E 0D                  365 	.db #0x0D	; 13
   013F 04                  366 	.db #0x04	; 4
   0140 0C                  367 	.db #0x0C	; 12
   0141 04                  368 	.db #0x04	; 4
   0142 0B                  369 	.db #0x0B	; 11
   0143 03                  370 	.db #0x03	; 3
   0144 0A                  371 	.db #0x0A	; 10
   0145 03                  372 	.db #0x03	; 3
   0146 09                  373 	.db #0x09	; 9
   0147 03                  374 	.db #0x03	; 3
   0148 08                  375 	.db #0x08	; 8
   0149 03                  376 	.db #0x03	; 3
   014A 07                  377 	.db #0x07	; 7
   014B 02                  378 	.db #0x02	; 2
   014C 06                  379 	.db #0x06	; 6
   014D 02                  380 	.db #0x02	; 2
   014E 06                  381 	.db #0x06	; 6
   014F 02                  382 	.db #0x02	; 2
   0150 05                  383 	.db #0x05	; 5
   0151 02                  384 	.db #0x02	; 2
   0152 04                  385 	.db #0x04	; 4
   0153 02                  386 	.db #0x02	; 2
   0154 04                  387 	.db #0x04	; 4
   0155 01                  388 	.db #0x01	; 1
   0156 03                  389 	.db #0x03	; 3
   0157 01                  390 	.db #0x01	; 1
   0158 03                  391 	.db #0x03	; 3
   0159 01                  392 	.db #0x01	; 1
   015A 02                  393 	.db #0x02	; 2
   015B 01                  394 	.db #0x01	; 1
   015C 02                  395 	.db #0x02	; 2
   015D 01                  396 	.db #0x01	; 1
   015E 01                  397 	.db #0x01	; 1
   015F 01                  398 	.db #0x01	; 1
   0160 01                  399 	.db #0x01	; 1
   0161 01                  400 	.db #0x01	; 1
   0162 01                  401 	.db #0x01	; 1
   0163 01                  402 	.db #0x01	; 1
   0164 01                  403 	.db #0x01	; 1
   0165 01                  404 	.db #0x01	; 1
   0166 01                  405 	.db #0x01	; 1
   0167 01                  406 	.db #0x01	; 1
   0168 01                  407 	.db #0x01	; 1
   0169 01                  408 	.db #0x01	; 1
   016A 00                  409 	.db #0x00	; 0
   016B 00                  410 	.db #0x00	; 0
   016C 01                  411 	.db #0x01	; 1
   016D 01                  412 	.db #0x01	; 1
   016E 01                  413 	.db #0x01	; 1
   016F 01                  414 	.db #0x01	; 1
   0170 01                  415 	.db #0x01	; 1
   0171 01                  416 	.db #0x01	; 1
   0172 01                  417 	.db #0x01	; 1
   0173 01                  418 	.db #0x01	; 1
   0174 01                  419 	.db #0x01	; 1
   0175 01                  420 	.db #0x01	; 1
   0176 01                  421 	.db #0x01	; 1
   0177 01                  422 	.db #0x01	; 1
   0178 02                  423 	.db #0x02	; 2
   0179 01                  424 	.db #0x01	; 1
   017A 02                  425 	.db #0x02	; 2
   017B 01                  426 	.db #0x01	; 1
   017C 03                  427 	.db #0x03	; 3
   017D 01                  428 	.db #0x01	; 1
   017E 03                  429 	.db #0x03	; 3
   017F 01                  430 	.db #0x01	; 1
   0180 04                  431 	.db #0x04	; 4
   0181 01                  432 	.db #0x01	; 1
   0182 04                  433 	.db #0x04	; 4
   0183 02                  434 	.db #0x02	; 2
   0184 05                  435 	.db #0x05	; 5
   0185 02                  436 	.db #0x02	; 2
   0186 06                  437 	.db #0x06	; 6
   0187 02                  438 	.db #0x02	; 2
   0188 06                  439 	.db #0x06	; 6
   0189 02                  440 	.db #0x02	; 2
   018A 07                  441 	.db #0x07	; 7
   018B 02                  442 	.db #0x02	; 2
   018C 08                  443 	.db #0x08	; 8
   018D 03                  444 	.db #0x03	; 3
   018E 09                  445 	.db #0x09	; 9
   018F 03                  446 	.db #0x03	; 3
   0190 0A                  447 	.db #0x0A	; 10
   0191 03                  448 	.db #0x03	; 3
   0192 0B                  449 	.db #0x0B	; 11
   0193 03                  450 	.db #0x03	; 3
   0194 0C                  451 	.db #0x0C	; 12
   0195 04                  452 	.db #0x04	; 4
   0196 0D                  453 	.db #0x0D	; 13
   0197 04                  454 	.db #0x04	; 4
   0198 0E                  455 	.db #0x0E	; 14
   0199 04                  456 	.db #0x04	; 4
   019A 0F                  457 	.db #0x0F	; 15
   019B 04                  458 	.db #0x04	; 4
   019C 10                  459 	.db #0x10	; 16
   019D 05                  460 	.db #0x05	; 5
   019E 11                  461 	.db #0x11	; 17
   019F 05                  462 	.db #0x05	; 5
   01A0 13                  463 	.db #0x13	; 19
   01A1 06                  464 	.db #0x06	; 6
   01A2 14                  465 	.db #0x14	; 20
   01A3 06                  466 	.db #0x06	; 6
   01A4 15                  467 	.db #0x15	; 21
   01A5 06                  468 	.db #0x06	; 6
   01A6 17                  469 	.db #0x17	; 23
   01A7 07                  470 	.db #0x07	; 7
   01A8 18                  471 	.db #0x18	; 24
   01A9 07                  472 	.db #0x07	; 7
   01AA 1A                  473 	.db #0x1A	; 26
   01AB 07                  474 	.db #0x07	; 7
   01AC 1B                  475 	.db #0x1B	; 27
   01AD 08                  476 	.db #0x08	; 8
   01AE 1D                  477 	.db #0x1D	; 29
   01AF 08                  478 	.db #0x08	; 8
   01B0 1E                  479 	.db #0x1E	; 30
   01B1 09                  480 	.db #0x09	; 9
   01B2 20                  481 	.db #0x20	; 32
   01B3 09                  482 	.db #0x09	; 9
   01B4 21                  483 	.db #0x21	; 33
   01B5 0A                  484 	.db #0x0A	; 10
   01B6 23                  485 	.db #0x23	; 35
   01B7 0A                  486 	.db #0x0A	; 10
   01B8 25                  487 	.db #0x25	; 37
   01B9 0B                  488 	.db #0x0B	; 11
   01BA 26                  489 	.db #0x26	; 38
   01BB 0B                  490 	.db #0x0B	; 11
   01BC 28                  491 	.db #0x28	; 40
   01BD 0C                  492 	.db #0x0C	; 12
   01BE 2A                  493 	.db #0x2A	; 42
   01BF 0C                  494 	.db #0x0C	; 12
   01C0 2C                  495 	.db #0x2C	; 44
   01C1 0D                  496 	.db #0x0D	; 13
   01C2 2E                  497 	.db #0x2E	; 46
   01C3 0D                  498 	.db #0x0D	; 13
   01C4 2F                  499 	.db #0x2F	; 47
   01C5 0E                  500 	.db #0x0E	; 14
   01C6 31                  501 	.db #0x31	; 49	'1'
   01C7 0F                  502 	.db #0x0F	; 15
   01C8 33                  503 	.db #0x33	; 51	'3'
   01C9 0F                  504 	.db #0x0F	; 15
   01CA 35                  505 	.db #0x35	; 53	'5'
   01CB 10                  506 	.db #0x10	; 16
   01CC 37                  507 	.db #0x37	; 55	'7'
   01CD 10                  508 	.db #0x10	; 16
   01CE 39                  509 	.db #0x39	; 57	'9'
   01CF 11                  510 	.db #0x11	; 17
   01D0 3B                  511 	.db #0x3B	; 59
   01D1 12                  512 	.db #0x12	; 18
   01D2 3D                  513 	.db #0x3D	; 61
   01D3 12                  514 	.db #0x12	; 18
   01D4 3F                  515 	.db #0x3F	; 63
   01D5 13                  516 	.db #0x13	; 19
   01D6 41                  517 	.db #0x41	; 65	'A'
   01D7 13                  518 	.db #0x13	; 19
   01D8 43                  519 	.db #0x43	; 67	'C'
   01D9 14                  520 	.db #0x14	; 20
   01DA 45                  521 	.db #0x45	; 69	'E'
   01DB 15                  522 	.db #0x15	; 21
   01DC 47                  523 	.db #0x47	; 71	'G'
   01DD 15                  524 	.db #0x15	; 21
   01DE 49                  525 	.db #0x49	; 73	'I'
   01DF 16                  526 	.db #0x16	; 22
   01E0 4B                  527 	.db #0x4B	; 75	'K'
   01E1 17                  528 	.db #0x17	; 23
   01E2 4C                  529 	.db #0x4C	; 76	'L'
   01E3 17                  530 	.db #0x17	; 23
   01E4 4D                  531 	.db #0x4D	; 77	'M'
   01E5 18                  532 	.db #0x18	; 24
   01E6 4F                  533 	.db #0x4F	; 79	'O'
   01E7 19                  534 	.db #0x19	; 25
   01E8 51                  535 	.db #0x51	; 81	'Q'
   01E9 1A                  536 	.db #0x1A	; 26
   01EA 53                  537 	.db #0x53	; 83	'S'
   01EB 1A                  538 	.db #0x1A	; 26
   01EC 55                  539 	.db #0x55	; 85	'U'
   01ED 1B                  540 	.db #0x1B	; 27
   01EE 57                  541 	.db #0x57	; 87	'W'
   01EF 1C                  542 	.db #0x1C	; 28
   01F0 59                  543 	.db #0x59	; 89	'Y'
   01F1 1D                  544 	.db #0x1D	; 29
   01F2 5B                  545 	.db #0x5B	; 91
   01F3 1D                  546 	.db #0x1D	; 29
   01F4 5D                  547 	.db #0x5D	; 93
   01F5 1E                  548 	.db #0x1E	; 30
   01F6 5F                  549 	.db #0x5F	; 95
   01F7 1F                  550 	.db #0x1F	; 31
   01F8 61                  551 	.db #0x61	; 97	'a'
   01F9 20                  552 	.db #0x20	; 32
   01FA 63                  553 	.db #0x63	; 99	'c'
   01FB 20                  554 	.db #0x20	; 32
   01FC 65                  555 	.db #0x65	; 101	'e'
   01FD 21                  556 	.db #0x21	; 33
   01FE 67                  557 	.db #0x67	; 103	'g'
   01FF 22                  558 	.db #0x22	; 34
   0200 69                  559 	.db #0x69	; 105	'i'
   0201 23                  560 	.db #0x23	; 35
   0202 6A                  561 	.db #0x6A	; 106	'j'
   0203 23                  562 	.db #0x23	; 35
   0204 6C                  563 	.db #0x6C	; 108	'l'
   0205 24                  564 	.db #0x24	; 36
   0206 6E                  565 	.db #0x6E	; 110	'n'
   0207 25                  566 	.db #0x25	; 37
   0208 70                  567 	.db #0x70	; 112	'p'
   0209 26                  568 	.db #0x26	; 38
   020A 71                  569 	.db #0x71	; 113	'q'
   020B 27                  570 	.db #0x27	; 39
   020C 73                  571 	.db #0x73	; 115	's'
   020D 27                  572 	.db #0x27	; 39
   020E 75                  573 	.db #0x75	; 117	'u'
   020F 28                  574 	.db #0x28	; 40
   0210 77                  575 	.db #0x77	; 119	'w'
   0211 29                  576 	.db #0x29	; 41
   0212 78                  577 	.db #0x78	; 120	'x'
   0213 2A                  578 	.db #0x2A	; 42
   0214 7A                  579 	.db #0x7A	; 122	'z'
   0215 2A                  580 	.db #0x2A	; 42
   0216 7B                  581 	.db #0x7B	; 123
   0217 2B                  582 	.db #0x2B	; 43
   0218 7D                  583 	.db #0x7D	; 125
   0219 2C                  584 	.db #0x2C	; 44
   021A 7E                  585 	.db #0x7E	; 126
   021B 2D                  586 	.db #0x2D	; 45
   021C 80                  587 	.db #0x80	; 128
   021D 2E                  588 	.db #0x2E	; 46
   021E 81                  589 	.db #0x81	; 129
   021F 2E                  590 	.db #0x2E	; 46
   0220 83                  591 	.db #0x83	; 131
   0221 2E                  592 	.db #0x2E	; 46
   0222 84                  593 	.db #0x84	; 132
   0223 2F                  594 	.db #0x2F	; 47
   0224 85                  595 	.db #0x85	; 133
   0225 30                  596 	.db #0x30	; 48	'0'
   0226 87                  597 	.db #0x87	; 135
   0227 31                  598 	.db #0x31	; 49	'1'
   0228 88                  599 	.db #0x88	; 136
   0229 32                  600 	.db #0x32	; 50	'2'
   022A 89                  601 	.db #0x89	; 137
   022B 32                  602 	.db #0x32	; 50	'2'
   022C 8A                  603 	.db #0x8A	; 138
   022D 33                  604 	.db #0x33	; 51	'3'
   022E 8B                  605 	.db #0x8B	; 139
   022F 34                  606 	.db #0x34	; 52	'4'
   0230 8C                  607 	.db #0x8C	; 140
   0231 35                  608 	.db #0x35	; 53	'5'
   0232 8D                  609 	.db #0x8D	; 141
   0233 35                  610 	.db #0x35	; 53	'5'
   0234 8E                  611 	.db #0x8E	; 142
   0235 36                  612 	.db #0x36	; 54	'6'
   0236 8F                  613 	.db #0x8F	; 143
   0237 37                  614 	.db #0x37	; 55	'7'
   0238 90                  615 	.db #0x90	; 144
   0239 38                  616 	.db #0x38	; 56	'8'
   023A 91                  617 	.db #0x91	; 145
   023B 39                  618 	.db #0x39	; 57	'9'
   023C 92                  619 	.db #0x92	; 146
   023D 39                  620 	.db #0x39	; 57	'9'
   023E 92                  621 	.db #0x92	; 146
   023F 3A                  622 	.db #0x3A	; 58
   0240 93                  623 	.db #0x93	; 147
   0241 3B                  624 	.db #0x3B	; 59
   0242 94                  625 	.db #0x94	; 148
   0243 3C                  626 	.db #0x3C	; 60
   0244 94                  627 	.db #0x94	; 148
   0245 3C                  628 	.db #0x3C	; 60
   0246 95                  629 	.db #0x95	; 149
   0247 3D                  630 	.db #0x3D	; 61
   0248 95                  631 	.db #0x95	; 149
   0249 3E                  632 	.db #0x3E	; 62
   024A 96                  633 	.db #0x96	; 150
   024B 3F                  634 	.db #0x3F	; 63
   024C 96                  635 	.db #0x96	; 150
   024D 3F                  636 	.db #0x3F	; 63
   024E 97                  637 	.db #0x97	; 151
   024F 40                  638 	.db #0x40	; 64
   0250 97                  639 	.db #0x97	; 151
   0251 41                  640 	.db #0x41	; 65	'A'
   0252 97                  641 	.db #0x97	; 151
   0253 42                  642 	.db #0x42	; 66	'B'
   0254 97                  643 	.db #0x97	; 151
   0255 42                  644 	.db #0x42	; 66	'B'
   0256 97                  645 	.db #0x97	; 151
   0257 43                  646 	.db #0x43	; 67	'C'
   0258 97                  647 	.db #0x97	; 151
   0259 44                  648 	.db #0x44	; 68	'D'
   025A 98                  649 	.db #0x98	; 152
   025B 45                  650 	.db #0x45	; 69	'E'
   025C 97                  651 	.db #0x97	; 151
   025D 45                  652 	.db #0x45	; 69	'E'
   025E 97                  653 	.db #0x97	; 151
   025F 46                  654 	.db #0x46	; 70	'F'
   0260 97                  655 	.db #0x97	; 151
   0261 47                  656 	.db #0x47	; 71	'G'
   0262 97                  657 	.db #0x97	; 151
   0263 47                  658 	.db #0x47	; 71	'G'
   0264 97                  659 	.db #0x97	; 151
   0265 48                  660 	.db #0x48	; 72	'H'
   0266 97                  661 	.db #0x97	; 151
   0267 49                  662 	.db #0x49	; 73	'I'
   0268 96                  663 	.db #0x96	; 150
   0269 49                  664 	.db #0x49	; 73	'I'
   026A 96                  665 	.db #0x96	; 150
   026B 4A                  666 	.db #0x4A	; 74	'J'
   026C 95                  667 	.db #0x95	; 149
   026D 4A                  668 	.db #0x4A	; 74	'J'
   026E 95                  669 	.db #0x95	; 149
   026F 4B                  670 	.db #0x4B	; 75	'K'
   0270 94                  671 	.db #0x94	; 148
   0271 4C                  672 	.db #0x4C	; 76	'L'
   0272 94                  673 	.db #0x94	; 148
   0273 4C                  674 	.db #0x4C	; 76	'L'
   0274 93                  675 	.db #0x93	; 147
   0275 4D                  676 	.db #0x4D	; 77	'M'
   0276 92                  677 	.db #0x92	; 146
   0277 4D                  678 	.db #0x4D	; 77	'M'
   0278 92                  679 	.db #0x92	; 146
   0279 4E                  680 	.db #0x4E	; 78	'N'
   027A 91                  681 	.db #0x91	; 145
   027B 4F                  682 	.db #0x4F	; 79	'O'
   027C 90                  683 	.db #0x90	; 144
   027D 4F                  684 	.db #0x4F	; 79	'O'
   027E 8F                  685 	.db #0x8F	; 143
   027F 50                  686 	.db #0x50	; 80	'P'
   0280 8E                  687 	.db #0x8E	; 142
   0281 50                  688 	.db #0x50	; 80	'P'
   0282 8D                  689 	.db #0x8D	; 141
   0283 51                  690 	.db #0x51	; 81	'Q'
   0284 8C                  691 	.db #0x8C	; 140
   0285 51                  692 	.db #0x51	; 81	'Q'
   0286 8B                  693 	.db #0x8B	; 139
   0287 52                  694 	.db #0x52	; 82	'R'
   0288 8A                  695 	.db #0x8A	; 138
   0289 52                  696 	.db #0x52	; 82	'R'
   028A 89                  697 	.db #0x89	; 137
   028B 53                  698 	.db #0x53	; 83	'S'
   028C 88                  699 	.db #0x88	; 136
   028D 53                  700 	.db #0x53	; 83	'S'
   028E 87                  701 	.db #0x87	; 135
   028F 54                  702 	.db #0x54	; 84	'T'
   0290 85                  703 	.db #0x85	; 133
   0291 54                  704 	.db #0x54	; 84	'T'
   0292 84                  705 	.db #0x84	; 132
   0293 55                  706 	.db #0x55	; 85	'U'
   0294 83                  707 	.db #0x83	; 131
   0295 55                  708 	.db #0x55	; 85	'U'
   0296 81                  709 	.db #0x81	; 129
   0297 55                  710 	.db #0x55	; 85	'U'
   0298 80                  711 	.db #0x80	; 128
   0299 56                  712 	.db #0x56	; 86	'V'
   029A 7E                  713 	.db #0x7E	; 126
   029B 56                  714 	.db #0x56	; 86	'V'
   029C 7D                  715 	.db #0x7D	; 125
   029D 56                  716 	.db #0x56	; 86	'V'
   029E 7B                  717 	.db #0x7B	; 123
   029F 57                  718 	.db #0x57	; 87	'W'
   02A0 7A                  719 	.db #0x7A	; 122	'z'
   02A1 57                  720 	.db #0x57	; 87	'W'
   02A2 78                  721 	.db #0x78	; 120	'x'
   02A3 58                  722 	.db #0x58	; 88	'X'
   02A4 77                  723 	.db #0x77	; 119	'w'
   02A5 58                  724 	.db #0x58	; 88	'X'
   02A6 75                  725 	.db #0x75	; 117	'u'
   02A7 58                  726 	.db #0x58	; 88	'X'
   02A8 73                  727 	.db #0x73	; 115	's'
   02A9 58                  728 	.db #0x58	; 88	'X'
   02AA 71                  729 	.db #0x71	; 113	'q'
   02AB 59                  730 	.db #0x59	; 89	'Y'
   02AC 70                  731 	.db #0x70	; 112	'p'
   02AD 59                  732 	.db #0x59	; 89	'Y'
   02AE 6E                  733 	.db #0x6E	; 110	'n'
   02AF 59                  734 	.db #0x59	; 89	'Y'
   02B0 6C                  735 	.db #0x6C	; 108	'l'
   02B1 59                  736 	.db #0x59	; 89	'Y'
   02B2 6A                  737 	.db #0x6A	; 106	'j'
   02B3 5A                  738 	.db #0x5A	; 90	'Z'
   02B4 69                  739 	.db #0x69	; 105	'i'
   02B5 5A                  740 	.db #0x5A	; 90	'Z'
   02B6 67                  741 	.db #0x67	; 103	'g'
   02B7 5A                  742 	.db #0x5A	; 90	'Z'
   02B8 65                  743 	.db #0x65	; 101	'e'
   02B9 5A                  744 	.db #0x5A	; 90	'Z'
   02BA 63                  745 	.db #0x63	; 99	'c'
   02BB 5A                  746 	.db #0x5A	; 90	'Z'
   02BC 61                  747 	.db #0x61	; 97	'a'
   02BD 5B                  748 	.db #0x5B	; 91
   02BE 5F                  749 	.db #0x5F	; 95
   02BF 5B                  750 	.db #0x5B	; 91
   02C0 5D                  751 	.db #0x5D	; 93
   02C1 5B                  752 	.db #0x5B	; 91
   02C2 5B                  753 	.db #0x5B	; 91
   02C3 5B                  754 	.db #0x5B	; 91
   02C4 59                  755 	.db #0x59	; 89	'Y'
   02C5 5B                  756 	.db #0x5B	; 91
   02C6 57                  757 	.db #0x57	; 87	'W'
   02C7 5B                  758 	.db #0x5B	; 91
   02C8 55                  759 	.db #0x55	; 85	'U'
   02C9 5B                  760 	.db #0x5B	; 91
   02CA 53                  761 	.db #0x53	; 83	'S'
   02CB 5B                  762 	.db #0x5B	; 91
   02CC 51                  763 	.db #0x51	; 81	'Q'
   02CD 5B                  764 	.db #0x5B	; 91
   02CE 4F                  765 	.db #0x4F	; 79	'O'
   02CF 5B                  766 	.db #0x5B	; 91
   02D0 4D                  767 	.db #0x4D	; 77	'M'
   02D1 5B                  768 	.db #0x5B	; 91
   02D2 4C                  769 	.db #0x4C	; 76	'L'
   02D3 5C                  770 	.db #0x5C	; 92
   02D4 4B                  771 	.db #0x4B	; 75	'K'
   02D5 5B                  772 	.db #0x5B	; 91
   02D6 49                  773 	.db #0x49	; 73	'I'
   02D7 5B                  774 	.db #0x5B	; 91
   02D8 47                  775 	.db #0x47	; 71	'G'
   02D9 5B                  776 	.db #0x5B	; 91
   02DA 45                  777 	.db #0x45	; 69	'E'
   02DB 5B                  778 	.db #0x5B	; 91
   02DC 43                  779 	.db #0x43	; 67	'C'
   02DD 5B                  780 	.db #0x5B	; 91
   02DE 41                  781 	.db #0x41	; 65	'A'
   02DF 5B                  782 	.db #0x5B	; 91
   02E0 3F                  783 	.db #0x3F	; 63
   02E1 5B                  784 	.db #0x5B	; 91
   02E2 3D                  785 	.db #0x3D	; 61
   02E3 5B                  786 	.db #0x5B	; 91
   02E4 3B                  787 	.db #0x3B	; 59
   02E5 5B                  788 	.db #0x5B	; 91
   02E6 39                  789 	.db #0x39	; 57	'9'
   02E7 5B                  790 	.db #0x5B	; 91
   02E8 37                  791 	.db #0x37	; 55	'7'
   02E9 5B                  792 	.db #0x5B	; 91
   02EA 35                  793 	.db #0x35	; 53	'5'
   02EB 5A                  794 	.db #0x5A	; 90	'Z'
   02EC 33                  795 	.db #0x33	; 51	'3'
   02ED 5A                  796 	.db #0x5A	; 90	'Z'
   02EE 31                  797 	.db #0x31	; 49	'1'
   02EF 5A                  798 	.db #0x5A	; 90	'Z'
   02F0 2F                  799 	.db #0x2F	; 47
   02F1 5A                  800 	.db #0x5A	; 90	'Z'
   02F2 2E                  801 	.db #0x2E	; 46
   02F3 5A                  802 	.db #0x5A	; 90	'Z'
   02F4 2C                  803 	.db #0x2C	; 44
   02F5 59                  804 	.db #0x59	; 89	'Y'
   02F6 2A                  805 	.db #0x2A	; 42
   02F7 59                  806 	.db #0x59	; 89	'Y'
   02F8 28                  807 	.db #0x28	; 40
   02F9 59                  808 	.db #0x59	; 89	'Y'
   02FA 26                  809 	.db #0x26	; 38
   02FB 59                  810 	.db #0x59	; 89	'Y'
   02FC 25                  811 	.db #0x25	; 37
   02FD 58                  812 	.db #0x58	; 88	'X'
   02FE 23                  813 	.db #0x23	; 35
   02FF 58                  814 	.db #0x58	; 88	'X'
   0300 21                  815 	.db #0x21	; 33
   0301 58                  816 	.db #0x58	; 88	'X'
   0302 20                  817 	.db #0x20	; 32
   0303 58                  818 	.db #0x58	; 88	'X'
   0304 1E                  819 	.db #0x1E	; 30
   0305 57                  820 	.db #0x57	; 87	'W'
   0306 1D                  821 	.db #0x1D	; 29
   0307 57                  822 	.db #0x57	; 87	'W'
   0308 1B                  823 	.db #0x1B	; 27
   0309 56                  824 	.db #0x56	; 86	'V'
   030A 1A                  825 	.db #0x1A	; 26
   030B 56                  826 	.db #0x56	; 86	'V'
   030C 18                  827 	.db #0x18	; 24
   030D 56                  828 	.db #0x56	; 86	'V'
   030E 17                  829 	.db #0x17	; 23
   030F 55                  830 	.db #0x55	; 85	'U'
   0310 15                  831 	.db #0x15	; 21
   0311 55                  832 	.db #0x55	; 85	'U'
   0312 14                  833 	.db #0x14	; 20
   0313 55                  834 	.db #0x55	; 85	'U'
   0314 13                  835 	.db #0x13	; 19
   0315 54                  836 	.db #0x54	; 84	'T'
   0316 11                  837 	.db #0x11	; 17
   0317 54                  838 	.db #0x54	; 84	'T'
   0318 10                  839 	.db #0x10	; 16
   0319 53                  840 	.db #0x53	; 83	'S'
   031A 0F                  841 	.db #0x0F	; 15
   031B 53                  842 	.db #0x53	; 83	'S'
   031C 0E                  843 	.db #0x0E	; 14
   031D 52                  844 	.db #0x52	; 82	'R'
   031E 0D                  845 	.db #0x0D	; 13
   031F 52                  846 	.db #0x52	; 82	'R'
   0320 0C                  847 	.db #0x0C	; 12
   0321 51                  848 	.db #0x51	; 81	'Q'
   0322 0B                  849 	.db #0x0B	; 11
   0323 51                  850 	.db #0x51	; 81	'Q'
   0324 0A                  851 	.db #0x0A	; 10
   0325 50                  852 	.db #0x50	; 80	'P'
   0326 09                  853 	.db #0x09	; 9
   0327 50                  854 	.db #0x50	; 80	'P'
   0328 08                  855 	.db #0x08	; 8
   0329 4F                  856 	.db #0x4F	; 79	'O'
   032A 07                  857 	.db #0x07	; 7
   032B 4F                  858 	.db #0x4F	; 79	'O'
   032C 06                  859 	.db #0x06	; 6
   032D 4E                  860 	.db #0x4E	; 78	'N'
   032E 06                  861 	.db #0x06	; 6
   032F 4D                  862 	.db #0x4D	; 77	'M'
   0330 05                  863 	.db #0x05	; 5
   0331 4D                  864 	.db #0x4D	; 77	'M'
   0332 04                  865 	.db #0x04	; 4
   0333 4C                  866 	.db #0x4C	; 76	'L'
   0334 04                  867 	.db #0x04	; 4
   0335 4C                  868 	.db #0x4C	; 76	'L'
   0336 03                  869 	.db #0x03	; 3
   0337 4B                  870 	.db #0x4B	; 75	'K'
   0338 03                  871 	.db #0x03	; 3
   0339 4A                  872 	.db #0x4A	; 74	'J'
   033A 02                  873 	.db #0x02	; 2
   033B 4A                  874 	.db #0x4A	; 74	'J'
   033C 02                  875 	.db #0x02	; 2
   033D 49                  876 	.db #0x49	; 73	'I'
   033E 01                  877 	.db #0x01	; 1
   033F 49                  878 	.db #0x49	; 73	'I'
   0340 01                  879 	.db #0x01	; 1
   0341 48                  880 	.db #0x48	; 72	'H'
   0342 01                  881 	.db #0x01	; 1
   0343 47                  882 	.db #0x47	; 71	'G'
   0344 01                  883 	.db #0x01	; 1
   0345 47                  884 	.db #0x47	; 71	'G'
   0346 01                  885 	.db #0x01	; 1
   0347 46                  886 	.db #0x46	; 70	'F'
   0348 01                  887 	.db #0x01	; 1
   0349 45                  888 	.db #0x45	; 69	'E'
   034A 00                  889 	.db #0x00	; 0
   034B 44                  890 	.db #0x44	; 68	'D'
   034C 01                  891 	.db #0x01	; 1
   034D 44                  892 	.db #0x44	; 68	'D'
   034E 01                  893 	.db #0x01	; 1
   034F 43                  894 	.db #0x43	; 67	'C'
   0350 01                  895 	.db #0x01	; 1
   0351 42                  896 	.db #0x42	; 66	'B'
   0352 01                  897 	.db #0x01	; 1
   0353 42                  898 	.db #0x42	; 66	'B'
   0354 01                  899 	.db #0x01	; 1
   0355 41                  900 	.db #0x41	; 65	'A'
   0356 01                  901 	.db #0x01	; 1
   0357 40                  902 	.db #0x40	; 64
   0358 02                  903 	.db #0x02	; 2
   0359 3F                  904 	.db #0x3F	; 63
   035A 02                  905 	.db #0x02	; 2
   035B 3F                  906 	.db #0x3F	; 63
   035C 03                  907 	.db #0x03	; 3
   035D 3E                  908 	.db #0x3E	; 62
   035E 03                  909 	.db #0x03	; 3
   035F 3D                  910 	.db #0x3D	; 61
   0360 04                  911 	.db #0x04	; 4
   0361 3C                  912 	.db #0x3C	; 60
   0362 04                  913 	.db #0x04	; 4
   0363 3C                  914 	.db #0x3C	; 60
   0364 05                  915 	.db #0x05	; 5
   0365 3B                  916 	.db #0x3B	; 59
   0366 06                  917 	.db #0x06	; 6
   0367 3A                  918 	.db #0x3A	; 58
   0368 06                  919 	.db #0x06	; 6
   0369 39                  920 	.db #0x39	; 57	'9'
   036A 07                  921 	.db #0x07	; 7
   036B 39                  922 	.db #0x39	; 57	'9'
   036C 08                  923 	.db #0x08	; 8
   036D 38                  924 	.db #0x38	; 56	'8'
   036E 09                  925 	.db #0x09	; 9
   036F 37                  926 	.db #0x37	; 55	'7'
   0370 0A                  927 	.db #0x0A	; 10
   0371 36                  928 	.db #0x36	; 54	'6'
   0372 0B                  929 	.db #0x0B	; 11
   0373 35                  930 	.db #0x35	; 53	'5'
   0374 0C                  931 	.db #0x0C	; 12
   0375 35                  932 	.db #0x35	; 53	'5'
   0376 0D                  933 	.db #0x0D	; 13
   0377 34                  934 	.db #0x34	; 52	'4'
   0378 0E                  935 	.db #0x0E	; 14
   0379 33                  936 	.db #0x33	; 51	'3'
   037A 0F                  937 	.db #0x0F	; 15
   037B 32                  938 	.db #0x32	; 50	'2'
   037C 10                  939 	.db #0x10	; 16
   037D 32                  940 	.db #0x32	; 50	'2'
   037E 11                  941 	.db #0x11	; 17
   037F 31                  942 	.db #0x31	; 49	'1'
   0380 13                  943 	.db #0x13	; 19
   0381 30                  944 	.db #0x30	; 48	'0'
   0382 14                  945 	.db #0x14	; 20
   0383 2F                  946 	.db #0x2F	; 47
   0384 15                  947 	.db #0x15	; 21
   0385 2E                  948 	.db #0x2E	; 46
   0386 17                  949 	.db #0x17	; 23
   0387 2E                  950 	.db #0x2E	; 46
   0388 18                  951 	.db #0x18	; 24
   0389 2E                  952 	.db #0x2E	; 46
   038A 1A                  953 	.db #0x1A	; 26
   038B 2D                  954 	.db #0x2D	; 45
   038C 1B                  955 	.db #0x1B	; 27
   038D 2C                  956 	.db #0x2C	; 44
   038E 1D                  957 	.db #0x1D	; 29
   038F 2B                  958 	.db #0x2B	; 43
   0390 1E                  959 	.db #0x1E	; 30
   0391 2A                  960 	.db #0x2A	; 42
   0392 20                  961 	.db #0x20	; 32
   0393 2A                  962 	.db #0x2A	; 42
   0394 21                  963 	.db #0x21	; 33
   0395 29                  964 	.db #0x29	; 41
   0396 23                  965 	.db #0x23	; 35
   0397 28                  966 	.db #0x28	; 40
   0398 25                  967 	.db #0x25	; 37
   0399 27                  968 	.db #0x27	; 39
   039A 27                  969 	.db #0x27	; 39
   039B 27                  970 	.db #0x27	; 39
   039C 28                  971 	.db #0x28	; 40
   039D 26                  972 	.db #0x26	; 38
   039E 2A                  973 	.db #0x2A	; 42
   039F 25                  974 	.db #0x25	; 37
   03A0 2C                  975 	.db #0x2C	; 44
   03A1 24                  976 	.db #0x24	; 36
   03A2 2E                  977 	.db #0x2E	; 46
   03A3 23                  978 	.db #0x23	; 35
   03A4 2F                  979 	.db #0x2F	; 47
   03A5 23                  980 	.db #0x23	; 35
   03A6 31                  981 	.db #0x31	; 49	'1'
   03A7 22                  982 	.db #0x22	; 34
   03A8 33                  983 	.db #0x33	; 51	'3'
   03A9 21                  984 	.db #0x21	; 33
   03AA 35                  985 	.db #0x35	; 53	'5'
   03AB 20                  986 	.db #0x20	; 32
   03AC 37                  987 	.db #0x37	; 55	'7'
   03AD 20                  988 	.db #0x20	; 32
   03AE 39                  989 	.db #0x39	; 57	'9'
   03AF 1F                  990 	.db #0x1F	; 31
   03B0 3B                  991 	.db #0x3B	; 59
   03B1 1E                  992 	.db #0x1E	; 30
   03B2 3D                  993 	.db #0x3D	; 61
   03B3 1D                  994 	.db #0x1D	; 29
   03B4 3F                  995 	.db #0x3F	; 63
   03B5 1D                  996 	.db #0x1D	; 29
   03B6 41                  997 	.db #0x41	; 65	'A'
   03B7 1C                  998 	.db #0x1C	; 28
   03B8 43                  999 	.db #0x43	; 67	'C'
   03B9 1B                 1000 	.db #0x1B	; 27
   03BA 45                 1001 	.db #0x45	; 69	'E'
   03BB 1A                 1002 	.db #0x1A	; 26
   03BC 47                 1003 	.db #0x47	; 71	'G'
   03BD 1A                 1004 	.db #0x1A	; 26
   03BE 49                 1005 	.db #0x49	; 73	'I'
   03BF 19                 1006 	.db #0x19	; 25
   03C0 4B                 1007 	.db #0x4B	; 75	'K'
   03C1 18                 1008 	.db #0x18	; 24
   03C2 4C                 1009 	.db #0x4C	; 76	'L'
   03C3 18                 1010 	.db #0x18	; 24
   03C4 4D                 1011 	.db #0x4D	; 77	'M'
   03C5 17                 1012 	.db #0x17	; 23
   03C6 4F                 1013 	.db #0x4F	; 79	'O'
   03C7 16                 1014 	.db #0x16	; 22
   03C8 51                 1015 	.db #0x51	; 81	'Q'
   03C9 15                 1016 	.db #0x15	; 21
   03CA 53                 1017 	.db #0x53	; 83	'S'
   03CB 15                 1018 	.db #0x15	; 21
   03CC 55                 1019 	.db #0x55	; 85	'U'
   03CD 14                 1020 	.db #0x14	; 20
   03CE 57                 1021 	.db #0x57	; 87	'W'
   03CF 13                 1022 	.db #0x13	; 19
   03D0 59                 1023 	.db #0x59	; 89	'Y'
   03D1 13                 1024 	.db #0x13	; 19
   03D2 5B                 1025 	.db #0x5B	; 91
   03D3 12                 1026 	.db #0x12	; 18
   03D4 5D                 1027 	.db #0x5D	; 93
   03D5 12                 1028 	.db #0x12	; 18
   03D6 5F                 1029 	.db #0x5F	; 95
   03D7 11                 1030 	.db #0x11	; 17
   03D8 61                 1031 	.db #0x61	; 97	'a'
   03D9 10                 1032 	.db #0x10	; 16
   03DA 63                 1033 	.db #0x63	; 99	'c'
   03DB 10                 1034 	.db #0x10	; 16
   03DC 65                 1035 	.db #0x65	; 101	'e'
   03DD 0F                 1036 	.db #0x0F	; 15
   03DE 67                 1037 	.db #0x67	; 103	'g'
   03DF 0F                 1038 	.db #0x0F	; 15
   03E0 69                 1039 	.db #0x69	; 105	'i'
   03E1 0E                 1040 	.db #0x0E	; 14
   03E2 6A                 1041 	.db #0x6A	; 106	'j'
   03E3 0D                 1042 	.db #0x0D	; 13
   03E4 6C                 1043 	.db #0x6C	; 108	'l'
   03E5 0D                 1044 	.db #0x0D	; 13
   03E6 6E                 1045 	.db #0x6E	; 110	'n'
   03E7 0C                 1046 	.db #0x0C	; 12
   03E8 70                 1047 	.db #0x70	; 112	'p'
   03E9 0C                 1048 	.db #0x0C	; 12
   03EA 71                 1049 	.db #0x71	; 113	'q'
   03EB 0B                 1050 	.db #0x0B	; 11
   03EC 73                 1051 	.db #0x73	; 115	's'
   03ED 0B                 1052 	.db #0x0B	; 11
   03EE 75                 1053 	.db #0x75	; 117	'u'
   03EF 0A                 1054 	.db #0x0A	; 10
   03F0 77                 1055 	.db #0x77	; 119	'w'
   03F1 0A                 1056 	.db #0x0A	; 10
   03F2 78                 1057 	.db #0x78	; 120	'x'
   03F3 09                 1058 	.db #0x09	; 9
   03F4 7A                 1059 	.db #0x7A	; 122	'z'
   03F5 09                 1060 	.db #0x09	; 9
   03F6 7B                 1061 	.db #0x7B	; 123
   03F7 08                 1062 	.db #0x08	; 8
   03F8 7D                 1063 	.db #0x7D	; 125
   03F9 08                 1064 	.db #0x08	; 8
   03FA 7E                 1065 	.db #0x7E	; 126
   03FB 07                 1066 	.db #0x07	; 7
   03FC 80                 1067 	.db #0x80	; 128
   03FD 07                 1068 	.db #0x07	; 7
   03FE 81                 1069 	.db #0x81	; 129
   03FF 07                 1070 	.db #0x07	; 7
   0400 83                 1071 	.db #0x83	; 131
   0401 06                 1072 	.db #0x06	; 6
   0402 84                 1073 	.db #0x84	; 132
   0403 06                 1074 	.db #0x06	; 6
   0404 85                 1075 	.db #0x85	; 133
   0405 06                 1076 	.db #0x06	; 6
   0406 87                 1077 	.db #0x87	; 135
   0407 05                 1078 	.db #0x05	; 5
   0408 88                 1079 	.db #0x88	; 136
   0409 05                 1080 	.db #0x05	; 5
   040A 89                 1081 	.db #0x89	; 137
   040B 04                 1082 	.db #0x04	; 4
   040C 8A                 1083 	.db #0x8A	; 138
   040D 04                 1084 	.db #0x04	; 4
   040E 8B                 1085 	.db #0x8B	; 139
   040F 04                 1086 	.db #0x04	; 4
   0410 8C                 1087 	.db #0x8C	; 140
   0411 04                 1088 	.db #0x04	; 4
   0412 8D                 1089 	.db #0x8D	; 141
   0413 03                 1090 	.db #0x03	; 3
   0414 8E                 1091 	.db #0x8E	; 142
   0415 03                 1092 	.db #0x03	; 3
   0416 8F                 1093 	.db #0x8F	; 143
   0417 03                 1094 	.db #0x03	; 3
   0418 90                 1095 	.db #0x90	; 144
   0419 03                 1096 	.db #0x03	; 3
   041A 91                 1097 	.db #0x91	; 145
   041B 02                 1098 	.db #0x02	; 2
   041C 92                 1099 	.db #0x92	; 146
   041D 02                 1100 	.db #0x02	; 2
   041E 92                 1101 	.db #0x92	; 146
   041F 02                 1102 	.db #0x02	; 2
   0420 93                 1103 	.db #0x93	; 147
   0421 02                 1104 	.db #0x02	; 2
   0422 94                 1105 	.db #0x94	; 148
   0423 02                 1106 	.db #0x02	; 2
   0424 94                 1107 	.db #0x94	; 148
   0425 01                 1108 	.db #0x01	; 1
   0426 95                 1109 	.db #0x95	; 149
   0427 01                 1110 	.db #0x01	; 1
   0428 95                 1111 	.db #0x95	; 149
   0429 01                 1112 	.db #0x01	; 1
   042A 96                 1113 	.db #0x96	; 150
   042B 01                 1114 	.db #0x01	; 1
   042C 96                 1115 	.db #0x96	; 150
   042D 01                 1116 	.db #0x01	; 1
   042E 97                 1117 	.db #0x97	; 151
   042F 01                 1118 	.db #0x01	; 1
   0430 97                 1119 	.db #0x97	; 151
   0431 01                 1120 	.db #0x01	; 1
   0432 97                 1121 	.db #0x97	; 151
   0433 01                 1122 	.db #0x01	; 1
   0434 97                 1123 	.db #0x97	; 151
   0435 01                 1124 	.db #0x01	; 1
   0436 97                 1125 	.db #0x97	; 151
   0437 01                 1126 	.db #0x01	; 1
   0438 97                 1127 	.db #0x97	; 151
   0439 01                 1128 	.db #0x01	; 1
   043A 98                 1129 	.db #0x98	; 152
   043B 00                 1130 	.db #0x00	; 0
   043C 97                 1131 	.db #0x97	; 151
   043D 01                 1132 	.db #0x01	; 1
   043E 97                 1133 	.db #0x97	; 151
   043F 01                 1134 	.db #0x01	; 1
   0440 97                 1135 	.db #0x97	; 151
   0441 01                 1136 	.db #0x01	; 1
   0442 97                 1137 	.db #0x97	; 151
   0443 01                 1138 	.db #0x01	; 1
   0444 97                 1139 	.db #0x97	; 151
   0445 01                 1140 	.db #0x01	; 1
   0446 97                 1141 	.db #0x97	; 151
   0447 01                 1142 	.db #0x01	; 1
   0448 96                 1143 	.db #0x96	; 150
   0449 01                 1144 	.db #0x01	; 1
   044A 96                 1145 	.db #0x96	; 150
   044B 01                 1146 	.db #0x01	; 1
   044C 95                 1147 	.db #0x95	; 149
   044D 01                 1148 	.db #0x01	; 1
   044E 95                 1149 	.db #0x95	; 149
   044F 01                 1150 	.db #0x01	; 1
   0450 94                 1151 	.db #0x94	; 148
   0451 01                 1152 	.db #0x01	; 1
   0452 94                 1153 	.db #0x94	; 148
   0453 02                 1154 	.db #0x02	; 2
   0454 93                 1155 	.db #0x93	; 147
   0455 02                 1156 	.db #0x02	; 2
   0456 92                 1157 	.db #0x92	; 146
   0457 02                 1158 	.db #0x02	; 2
   0458 92                 1159 	.db #0x92	; 146
   0459 02                 1160 	.db #0x02	; 2
   045A 91                 1161 	.db #0x91	; 145
   045B 02                 1162 	.db #0x02	; 2
   045C 90                 1163 	.db #0x90	; 144
   045D 03                 1164 	.db #0x03	; 3
   045E 8F                 1165 	.db #0x8F	; 143
   045F 03                 1166 	.db #0x03	; 3
   0460 8E                 1167 	.db #0x8E	; 142
   0461 03                 1168 	.db #0x03	; 3
   0462 8D                 1169 	.db #0x8D	; 141
   0463 03                 1170 	.db #0x03	; 3
   0464 8C                 1171 	.db #0x8C	; 140
   0465 04                 1172 	.db #0x04	; 4
   0466 8B                 1173 	.db #0x8B	; 139
   0467 04                 1174 	.db #0x04	; 4
   0468 8A                 1175 	.db #0x8A	; 138
   0469 04                 1176 	.db #0x04	; 4
   046A 89                 1177 	.db #0x89	; 137
   046B 04                 1178 	.db #0x04	; 4
   046C 88                 1179 	.db #0x88	; 136
   046D 05                 1180 	.db #0x05	; 5
   046E 87                 1181 	.db #0x87	; 135
   046F 05                 1182 	.db #0x05	; 5
   0470 85                 1183 	.db #0x85	; 133
   0471 06                 1184 	.db #0x06	; 6
   0472 84                 1185 	.db #0x84	; 132
   0473 06                 1186 	.db #0x06	; 6
   0474 83                 1187 	.db #0x83	; 131
   0475 06                 1188 	.db #0x06	; 6
   0476 81                 1189 	.db #0x81	; 129
   0477 07                 1190 	.db #0x07	; 7
   0478 80                 1191 	.db #0x80	; 128
   0479 07                 1192 	.db #0x07	; 7
   047A 7E                 1193 	.db #0x7E	; 126
   047B 07                 1194 	.db #0x07	; 7
   047C 7D                 1195 	.db #0x7D	; 125
   047D 08                 1196 	.db #0x08	; 8
   047E 7B                 1197 	.db #0x7B	; 123
   047F 08                 1198 	.db #0x08	; 8
   0480 7A                 1199 	.db #0x7A	; 122	'z'
   0481 09                 1200 	.db #0x09	; 9
   0482 78                 1201 	.db #0x78	; 120	'x'
   0483 09                 1202 	.db #0x09	; 9
   0484 77                 1203 	.db #0x77	; 119	'w'
   0485 0A                 1204 	.db #0x0A	; 10
   0486 75                 1205 	.db #0x75	; 117	'u'
   0487 0A                 1206 	.db #0x0A	; 10
   0488 73                 1207 	.db #0x73	; 115	's'
   0489 0B                 1208 	.db #0x0B	; 11
   048A 72                 1209 	.db #0x72	; 114	'r'
   048B 0B                 1210 	.db #0x0B	; 11
   048C 70                 1211 	.db #0x70	; 112	'p'
   048D 0C                 1212 	.db #0x0C	; 12
   048E 6E                 1213 	.db #0x6E	; 110	'n'
   048F 0C                 1214 	.db #0x0C	; 12
   0490 6C                 1215 	.db #0x6C	; 108	'l'
   0491 0D                 1216 	.db #0x0D	; 13
   0492 6A                 1217 	.db #0x6A	; 106	'j'
   0493 0D                 1218 	.db #0x0D	; 13
   0494 69                 1219 	.db #0x69	; 105	'i'
   0495 0E                 1220 	.db #0x0E	; 14
   0496 67                 1221 	.db #0x67	; 103	'g'
   0497 0F                 1222 	.db #0x0F	; 15
   0498 65                 1223 	.db #0x65	; 101	'e'
   0499 0F                 1224 	.db #0x0F	; 15
   049A 63                 1225 	.db #0x63	; 99	'c'
   049B 10                 1226 	.db #0x10	; 16
   049C 61                 1227 	.db #0x61	; 97	'a'
   049D 10                 1228 	.db #0x10	; 16
   049E 5F                 1229 	.db #0x5F	; 95
   049F 11                 1230 	.db #0x11	; 17
   04A0 5D                 1231 	.db #0x5D	; 93
   04A1 12                 1232 	.db #0x12	; 18
   04A2 5B                 1233 	.db #0x5B	; 91
   04A3 12                 1234 	.db #0x12	; 18
   04A4 59                 1235 	.db #0x59	; 89	'Y'
   04A5 13                 1236 	.db #0x13	; 19
   04A6 57                 1237 	.db #0x57	; 87	'W'
   04A7 13                 1238 	.db #0x13	; 19
   04A8 55                 1239 	.db #0x55	; 85	'U'
   04A9 14                 1240 	.db #0x14	; 20
   04AA 53                 1241 	.db #0x53	; 83	'S'
   04AB 15                 1242 	.db #0x15	; 21
   04AC 51                 1243 	.db #0x51	; 81	'Q'
   04AD 15                 1244 	.db #0x15	; 21
   04AE 4F                 1245 	.db #0x4F	; 79	'O'
   04AF 16                 1246 	.db #0x16	; 22
   04B0 4D                 1247 	.db #0x4D	; 77	'M'
   04B1 17                 1248 	.db #0x17	; 23
   04B2 4C                 1249 	.db #0x4C	; 76	'L'
   04B3 18                 1250 	.db #0x18	; 24
   04B4 4B                 1251 	.db #0x4B	; 75	'K'
   04B5 18                 1252 	.db #0x18	; 24
   04B6 49                 1253 	.db #0x49	; 73	'I'
   04B7 19                 1254 	.db #0x19	; 25
   04B8 47                 1255 	.db #0x47	; 71	'G'
   04B9 1A                 1256 	.db #0x1A	; 26
   04BA 45                 1257 	.db #0x45	; 69	'E'
   04BB 1A                 1258 	.db #0x1A	; 26
   04BC 43                 1259 	.db #0x43	; 67	'C'
   04BD 1B                 1260 	.db #0x1B	; 27
   04BE 41                 1261 	.db #0x41	; 65	'A'
   04BF 1C                 1262 	.db #0x1C	; 28
   04C0 3F                 1263 	.db #0x3F	; 63
   04C1 1D                 1264 	.db #0x1D	; 29
   04C2 3D                 1265 	.db #0x3D	; 61
   04C3 1D                 1266 	.db #0x1D	; 29
   04C4 3B                 1267 	.db #0x3B	; 59
   04C5 1E                 1268 	.db #0x1E	; 30
   04C6 39                 1269 	.db #0x39	; 57	'9'
   04C7 1F                 1270 	.db #0x1F	; 31
   04C8 37                 1271 	.db #0x37	; 55	'7'
   04C9 20                 1272 	.db #0x20	; 32
   04CA 35                 1273 	.db #0x35	; 53	'5'
   04CB 20                 1274 	.db #0x20	; 32
   04CC 33                 1275 	.db #0x33	; 51	'3'
   04CD 21                 1276 	.db #0x21	; 33
   04CE 31                 1277 	.db #0x31	; 49	'1'
   04CF 22                 1278 	.db #0x22	; 34
   04D0 2F                 1279 	.db #0x2F	; 47
   04D1 23                 1280 	.db #0x23	; 35
   04D2 2E                 1281 	.db #0x2E	; 46
   04D3 23                 1282 	.db #0x23	; 35
   04D4 2C                 1283 	.db #0x2C	; 44
   04D5 24                 1284 	.db #0x24	; 36
   04D6 2A                 1285 	.db #0x2A	; 42
   04D7 25                 1286 	.db #0x25	; 37
   04D8 28                 1287 	.db #0x28	; 40
   04D9 26                 1288 	.db #0x26	; 38
   04DA 27                 1289 	.db #0x27	; 39
   04DB 27                 1290 	.db #0x27	; 39
   04DC 25                 1291 	.db #0x25	; 37
   04DD 27                 1292 	.db #0x27	; 39
   04DE 23                 1293 	.db #0x23	; 35
   04DF 28                 1294 	.db #0x28	; 40
   04E0 21                 1295 	.db #0x21	; 33
   04E1 29                 1296 	.db #0x29	; 41
   04E2 20                 1297 	.db #0x20	; 32
   04E3 2A                 1298 	.db #0x2A	; 42
   04E4 1E                 1299 	.db #0x1E	; 30
   04E5 2A                 1300 	.db #0x2A	; 42
   04E6 1D                 1301 	.db #0x1D	; 29
   04E7 2B                 1302 	.db #0x2B	; 43
   04E8 1B                 1303 	.db #0x1B	; 27
   04E9 2C                 1304 	.db #0x2C	; 44
   04EA 1A                 1305 	.db #0x1A	; 26
   04EB 2D                 1306 	.db #0x2D	; 45
   04EC 18                 1307 	.db #0x18	; 24
   04ED 2E                 1308 	.db #0x2E	; 46
   04EE 17                 1309 	.db #0x17	; 23
   04EF 2E                 1310 	.db #0x2E	; 46
   04F0 15                 1311 	.db #0x15	; 21
   04F1 2E                 1312 	.db #0x2E	; 46
   04F2 14                 1313 	.db #0x14	; 20
   04F3 2F                 1314 	.db #0x2F	; 47
   04F4 13                 1315 	.db #0x13	; 19
   04F5 30                 1316 	.db #0x30	; 48	'0'
   04F6 11                 1317 	.db #0x11	; 17
   04F7 31                 1318 	.db #0x31	; 49	'1'
   04F8 10                 1319 	.db #0x10	; 16
   04F9 32                 1320 	.db #0x32	; 50	'2'
   04FA 0F                 1321 	.db #0x0F	; 15
   04FB 32                 1322 	.db #0x32	; 50	'2'
   04FC 0E                 1323 	.db #0x0E	; 14
   04FD 33                 1324 	.db #0x33	; 51	'3'
   04FE 0D                 1325 	.db #0x0D	; 13
   04FF 34                 1326 	.db #0x34	; 52	'4'
   0500 0C                 1327 	.db #0x0C	; 12
   0501 35                 1328 	.db #0x35	; 53	'5'
   0502 0B                 1329 	.db #0x0B	; 11
   0503 35                 1330 	.db #0x35	; 53	'5'
   0504 0A                 1331 	.db #0x0A	; 10
   0505 36                 1332 	.db #0x36	; 54	'6'
   0506 09                 1333 	.db #0x09	; 9
   0507 37                 1334 	.db #0x37	; 55	'7'
   0508 08                 1335 	.db #0x08	; 8
   0509 38                 1336 	.db #0x38	; 56	'8'
   050A 07                 1337 	.db #0x07	; 7
   050B 39                 1338 	.db #0x39	; 57	'9'
   050C 06                 1339 	.db #0x06	; 6
   050D 39                 1340 	.db #0x39	; 57	'9'
   050E 06                 1341 	.db #0x06	; 6
   050F 3A                 1342 	.db #0x3A	; 58
   0510 05                 1343 	.db #0x05	; 5
   0511 3B                 1344 	.db #0x3B	; 59
   0512 04                 1345 	.db #0x04	; 4
   0513 3C                 1346 	.db #0x3C	; 60
   0514 04                 1347 	.db #0x04	; 4
   0515 3C                 1348 	.db #0x3C	; 60
   0516 03                 1349 	.db #0x03	; 3
   0517 3D                 1350 	.db #0x3D	; 61
   0518 03                 1351 	.db #0x03	; 3
   0519 3E                 1352 	.db #0x3E	; 62
   051A 02                 1353 	.db #0x02	; 2
   051B 3F                 1354 	.db #0x3F	; 63
   051C 02                 1355 	.db #0x02	; 2
   051D 3F                 1356 	.db #0x3F	; 63
   051E 01                 1357 	.db #0x01	; 1
   051F 40                 1358 	.db #0x40	; 64
   0520 01                 1359 	.db #0x01	; 1
   0521 41                 1360 	.db #0x41	; 65	'A'
   0522 01                 1361 	.db #0x01	; 1
   0523 42                 1362 	.db #0x42	; 66	'B'
   0524 01                 1363 	.db #0x01	; 1
   0525 42                 1364 	.db #0x42	; 66	'B'
   0526 01                 1365 	.db #0x01	; 1
   0527 43                 1366 	.db #0x43	; 67	'C'
   0528 01                 1367 	.db #0x01	; 1
   0529 44                 1368 	.db #0x44	; 68	'D'
   052A 00                 1369 	.db #0x00	; 0
   052B 44                 1370 	.db #0x44	; 68	'D'
   052C 01                 1371 	.db #0x01	; 1
   052D 45                 1372 	.db #0x45	; 69	'E'
   052E 01                 1373 	.db #0x01	; 1
   052F 46                 1374 	.db #0x46	; 70	'F'
   0530 01                 1375 	.db #0x01	; 1
   0531 47                 1376 	.db #0x47	; 71	'G'
   0532 01                 1377 	.db #0x01	; 1
   0533 47                 1378 	.db #0x47	; 71	'G'
   0534 01                 1379 	.db #0x01	; 1
   0535 48                 1380 	.db #0x48	; 72	'H'
   0536 01                 1381 	.db #0x01	; 1
   0537 49                 1382 	.db #0x49	; 73	'I'
   0538 02                 1383 	.db #0x02	; 2
   0539 49                 1384 	.db #0x49	; 73	'I'
   053A 02                 1385 	.db #0x02	; 2
   053B 4A                 1386 	.db #0x4A	; 74	'J'
   053C 03                 1387 	.db #0x03	; 3
   053D 4A                 1388 	.db #0x4A	; 74	'J'
   053E 03                 1389 	.db #0x03	; 3
   053F 4B                 1390 	.db #0x4B	; 75	'K'
   0540 04                 1391 	.db #0x04	; 4
   0541 4C                 1392 	.db #0x4C	; 76	'L'
   0542 04                 1393 	.db #0x04	; 4
   0543 4C                 1394 	.db #0x4C	; 76	'L'
   0544 05                 1395 	.db #0x05	; 5
   0545 4D                 1396 	.db #0x4D	; 77	'M'
   0546 06                 1397 	.db #0x06	; 6
   0547 4D                 1398 	.db #0x4D	; 77	'M'
   0548 06                 1399 	.db #0x06	; 6
   0549 4E                 1400 	.db #0x4E	; 78	'N'
   054A 07                 1401 	.db #0x07	; 7
   054B 4F                 1402 	.db #0x4F	; 79	'O'
   054C 08                 1403 	.db #0x08	; 8
   054D 4F                 1404 	.db #0x4F	; 79	'O'
   054E 09                 1405 	.db #0x09	; 9
   054F 50                 1406 	.db #0x50	; 80	'P'
   0550 0A                 1407 	.db #0x0A	; 10
   0551 50                 1408 	.db #0x50	; 80	'P'
   0552 0B                 1409 	.db #0x0B	; 11
   0553 51                 1410 	.db #0x51	; 81	'Q'
   0554 0C                 1411 	.db #0x0C	; 12
   0555 51                 1412 	.db #0x51	; 81	'Q'
   0556 0D                 1413 	.db #0x0D	; 13
   0557 52                 1414 	.db #0x52	; 82	'R'
   0558 0E                 1415 	.db #0x0E	; 14
   0559 52                 1416 	.db #0x52	; 82	'R'
   055A 0F                 1417 	.db #0x0F	; 15
   055B 53                 1418 	.db #0x53	; 83	'S'
   055C 10                 1419 	.db #0x10	; 16
   055D 53                 1420 	.db #0x53	; 83	'S'
   055E 11                 1421 	.db #0x11	; 17
   055F 54                 1422 	.db #0x54	; 84	'T'
   0560 13                 1423 	.db #0x13	; 19
   0561 54                 1424 	.db #0x54	; 84	'T'
   0562 14                 1425 	.db #0x14	; 20
   0563 55                 1426 	.db #0x55	; 85	'U'
   0564 15                 1427 	.db #0x15	; 21
   0565 55                 1428 	.db #0x55	; 85	'U'
   0566 17                 1429 	.db #0x17	; 23
   0567 55                 1430 	.db #0x55	; 85	'U'
   0568 18                 1431 	.db #0x18	; 24
   0569 56                 1432 	.db #0x56	; 86	'V'
   056A 1A                 1433 	.db #0x1A	; 26
   056B 56                 1434 	.db #0x56	; 86	'V'
   056C 1B                 1435 	.db #0x1B	; 27
   056D 56                 1436 	.db #0x56	; 86	'V'
   056E 1D                 1437 	.db #0x1D	; 29
   056F 57                 1438 	.db #0x57	; 87	'W'
   0570 1E                 1439 	.db #0x1E	; 30
   0571 57                 1440 	.db #0x57	; 87	'W'
   0572 20                 1441 	.db #0x20	; 32
   0573 58                 1442 	.db #0x58	; 88	'X'
   0574 21                 1443 	.db #0x21	; 33
   0575 58                 1444 	.db #0x58	; 88	'X'
   0576 23                 1445 	.db #0x23	; 35
   0577 58                 1446 	.db #0x58	; 88	'X'
   0578 25                 1447 	.db #0x25	; 37
   0579 58                 1448 	.db #0x58	; 88	'X'
   057A 26                 1449 	.db #0x26	; 38
   057B 59                 1450 	.db #0x59	; 89	'Y'
   057C 28                 1451 	.db #0x28	; 40
   057D 59                 1452 	.db #0x59	; 89	'Y'
   057E 2A                 1453 	.db #0x2A	; 42
   057F 59                 1454 	.db #0x59	; 89	'Y'
   0580 2C                 1455 	.db #0x2C	; 44
   0581 59                 1456 	.db #0x59	; 89	'Y'
   0582 2E                 1457 	.db #0x2E	; 46
   0583 5A                 1458 	.db #0x5A	; 90	'Z'
   0584 2F                 1459 	.db #0x2F	; 47
   0585 5A                 1460 	.db #0x5A	; 90	'Z'
   0586 31                 1461 	.db #0x31	; 49	'1'
   0587 5A                 1462 	.db #0x5A	; 90	'Z'
   0588 33                 1463 	.db #0x33	; 51	'3'
   0589 5A                 1464 	.db #0x5A	; 90	'Z'
   058A 35                 1465 	.db #0x35	; 53	'5'
   058B 5A                 1466 	.db #0x5A	; 90	'Z'
   058C 37                 1467 	.db #0x37	; 55	'7'
   058D 5B                 1468 	.db #0x5B	; 91
   058E 39                 1469 	.db #0x39	; 57	'9'
   058F 5B                 1470 	.db #0x5B	; 91
   0590 3B                 1471 	.db #0x3B	; 59
   0591 5B                 1472 	.db #0x5B	; 91
   0592 3D                 1473 	.db #0x3D	; 61
   0593 5B                 1474 	.db #0x5B	; 91
   0594 3F                 1475 	.db #0x3F	; 63
   0595 5B                 1476 	.db #0x5B	; 91
   0596 41                 1477 	.db #0x41	; 65	'A'
   0597 5B                 1478 	.db #0x5B	; 91
   0598 43                 1479 	.db #0x43	; 67	'C'
   0599 5B                 1480 	.db #0x5B	; 91
   059A 45                 1481 	.db #0x45	; 69	'E'
   059B 5B                 1482 	.db #0x5B	; 91
   059C 47                 1483 	.db #0x47	; 71	'G'
   059D 5B                 1484 	.db #0x5B	; 91
   059E 49                 1485 	.db #0x49	; 73	'I'
   059F 5B                 1486 	.db #0x5B	; 91
   05A0 4B                 1487 	.db #0x4B	; 75	'K'
   05A1 5B                 1488 	.db #0x5B	; 91
                           1489 	.area _INITIALIZER
                           1490 	.area _CABS (ABS)
