                              1 ;--------------------------------------------------------
                              2 ; File Created by SDCC : free open source ANSI-C Compiler
                              3 ; Version 3.4.0 #8981 (Jul 12 2014) (Linux)
                              4 ; This file was generated Mon Jan 18 22:50:17 2016
                              5 ;--------------------------------------------------------
                              6 	.module heart_rom
                              7 	.optsdcc -mz80
                              8 	
                              9 ;--------------------------------------------------------
                             10 ; Public variables in this module
                             11 ;--------------------------------------------------------
                             12 	.globl _cursor_mask
                             13 	.globl _cursor_data
                             14 ;--------------------------------------------------------
                             15 ; special function registers
                             16 ;--------------------------------------------------------
                             17 ;--------------------------------------------------------
                             18 ; ram data
                             19 ;--------------------------------------------------------
                             20 	.area _DATA
                             21 ;--------------------------------------------------------
                             22 ; ram data
                             23 ;--------------------------------------------------------
                             24 	.area _INITIALIZED
                             25 ;--------------------------------------------------------
                             26 ; absolute external ram data
                             27 ;--------------------------------------------------------
                             28 	.area _DABS (ABS)
                             29 ;--------------------------------------------------------
                             30 ; global & static initialisations
                             31 ;--------------------------------------------------------
                             32 	.area _HOME
                             33 	.area _GSINIT
                             34 	.area _GSFINAL
                             35 	.area _GSINIT
                             36 ;--------------------------------------------------------
                             37 ; Home
                             38 ;--------------------------------------------------------
                             39 	.area _HOME
                             40 	.area _HOME
                             41 ;--------------------------------------------------------
                             42 ; code
                             43 ;--------------------------------------------------------
                             44 	.area _CODE
                             45 	.area _CODE
   0000                      46 _cursor_data:
   0000 00                   47 	.db #0x00	; 0
   0001 28                   48 	.db #0x28	; 40
   0002 7D                   49 	.db #0x7D	; 125
   0003 7D                   50 	.db #0x7D	; 125
   0004 39                   51 	.db #0x39	; 57	'9'
   0005 13                   52 	.db #0x13	; 19
   0006 06                   53 	.db #0x06	; 6
   0007 1C                   54 	.db #0x1C	; 28
   0008                      55 _cursor_mask:
   0008 6C                   56 	.db #0x6C	; 108	'l'
   0009 FE                   57 	.db #0xFE	; 254
   000A FE                   58 	.db #0xFE	; 254
   000B FE                   59 	.db #0xFE	; 254
   000C FE                   60 	.db #0xFE	; 254
   000D 7C                   61 	.db #0x7C	; 124
   000E 38                   62 	.db #0x38	; 56	'8'
   000F 00                   63 	.db #0x00	; 0
                             64 	.area _INITIALIZER
                             65 	.area _CABS (ABS)
