                              1 ;--------------------------------------------------------
                              2 ; File Created by SDCC : free open source ANSI-C Compiler
                              3 ; Version 3.5.0 #9253 (Mar 24 2016) (Linux)
                              4 ; This file was generated Tue Nov  8 16:43:03 2016
                              5 ;--------------------------------------------------------
                              6 	.module arrow_rom
                              7 	.optsdcc -mz80
                              8 	
                              9 ;--------------------------------------------------------
                             10 ; Public variables in this module
                             11 ;--------------------------------------------------------
                             12 	.globl _cursor_mask
                             13 	.globl _cursor_data
                             14 ;--------------------------------------------------------
                             15 ; special function registers
                             16 ;--------------------------------------------------------
                             17 ;--------------------------------------------------------
                             18 ; ram data
                             19 ;--------------------------------------------------------
                             20 	.area _DATA
                             21 ;--------------------------------------------------------
                             22 ; ram data
                             23 ;--------------------------------------------------------
                             24 	.area _INITIALIZED
                             25 ;--------------------------------------------------------
                             26 ; absolute external ram data
                             27 ;--------------------------------------------------------
                             28 	.area _DABS (ABS)
                             29 ;--------------------------------------------------------
                             30 ; global & static initialisations
                             31 ;--------------------------------------------------------
                             32 	.area _HOME
                             33 	.area _GSINIT
                             34 	.area _GSFINAL
                             35 	.area _GSINIT
                             36 ;--------------------------------------------------------
                             37 ; Home
                             38 ;--------------------------------------------------------
                             39 	.area _HOME
                             40 	.area _HOME
                             41 ;--------------------------------------------------------
                             42 ; code
                             43 ;--------------------------------------------------------
                             44 	.area _CODE
                             45 	.area _CODE
   0000                      46 _cursor_data:
   0000 00                   47 	.db #0x00	; 0
   0001 70                   48 	.db #0x70	; 112	'p'
   0002 68                   49 	.db #0x68	; 104	'h'
   0003 50                   50 	.db #0x50	; 80	'P'
   0004 28                   51 	.db #0x28	; 40
   0005 D4                   52 	.db #0xD4	; 212
   0006 08                   53 	.db #0x08	; 8
   0007 00                   54 	.db #0x00	; 0
   0008                      55 _cursor_mask:
   0008 F8                   56 	.db #0xF8	; 248
   0009 F8                   57 	.db #0xF8	; 248
   000A F0                   58 	.db #0xF0	; 240
   000B F8                   59 	.db #0xF8	; 248
   000C DC                   60 	.db #0xDC	; 220
   000D 08                   61 	.db #0x08	; 8
   000E 00                   62 	.db #0x00	; 0
   000F 00                   63 	.db #0x00	; 0
                             64 	.area _INITIALIZER
                             65 	.area _CABS (ABS)
