                              1 ;--------------------------------------------------------
                              2 ; File Created by SDCC : free open source ANSI-C Compiler
                              3 ; Version 3.5.0 #9253 (Mar 24 2016) (Linux)
                              4 ; This file was generated Tue Nov  8 16:43:03 2016
                              5 ;--------------------------------------------------------
                              6 	.module font
                              7 	.optsdcc -mz80
                              8 	
                              9 ;--------------------------------------------------------
                             10 ; Public variables in this module
                             11 ;--------------------------------------------------------
                             12 	.globl _font
                             13 ;--------------------------------------------------------
                             14 ; special function registers
                             15 ;--------------------------------------------------------
                             16 ;--------------------------------------------------------
                             17 ; ram data
                             18 ;--------------------------------------------------------
                             19 	.area _DATA
                             20 ;--------------------------------------------------------
                             21 ; ram data
                             22 ;--------------------------------------------------------
                             23 	.area _INITIALIZED
                             24 ;--------------------------------------------------------
                             25 ; absolute external ram data
                             26 ;--------------------------------------------------------
                             27 	.area _DABS (ABS)
                             28 ;--------------------------------------------------------
                             29 ; global & static initialisations
                             30 ;--------------------------------------------------------
                             31 	.area _HOME
                             32 	.area _GSINIT
                             33 	.area _GSFINAL
                             34 	.area _GSINIT
                             35 ;--------------------------------------------------------
                             36 ; Home
                             37 ;--------------------------------------------------------
                             38 	.area _HOME
                             39 	.area _HOME
                             40 ;--------------------------------------------------------
                             41 ; code
                             42 ;--------------------------------------------------------
                             43 	.area _CODE
                             44 	.area _CODE
   0000                      45 _font:
   0000 00                   46 	.db #0x00	; 0
   0001 00                   47 	.db #0x00	; 0
   0002 00                   48 	.db #0x00	; 0
   0003 00                   49 	.db #0x00	; 0
   0004 00                   50 	.db #0x00	; 0
   0005 00                   51 	.db #0x00	; 0
   0006 80                   52 	.db #0x80	; 128
   0007 80                   53 	.db #0x80	; 128
   0008 80                   54 	.db #0x80	; 128
   0009 00                   55 	.db #0x00	; 0
   000A 80                   56 	.db #0x80	; 128
   000B 00                   57 	.db #0x00	; 0
   000C A0                   58 	.db #0xA0	; 160
   000D A0                   59 	.db #0xA0	; 160
   000E 00                   60 	.db #0x00	; 0
   000F 00                   61 	.db #0x00	; 0
   0010 00                   62 	.db #0x00	; 0
   0011 00                   63 	.db #0x00	; 0
   0012 A0                   64 	.db #0xA0	; 160
   0013 E0                   65 	.db #0xE0	; 224
   0014 A0                   66 	.db #0xA0	; 160
   0015 E0                   67 	.db #0xE0	; 224
   0016 A0                   68 	.db #0xA0	; 160
   0017 00                   69 	.db #0x00	; 0
   0018 40                   70 	.db #0x40	; 64
   0019 E0                   71 	.db #0xE0	; 224
   001A C0                   72 	.db #0xC0	; 192
   001B 60                   73 	.db #0x60	; 96
   001C E0                   74 	.db #0xE0	; 224
   001D 40                   75 	.db #0x40	; 64
   001E 80                   76 	.db #0x80	; 128
   001F 20                   77 	.db #0x20	; 32
   0020 40                   78 	.db #0x40	; 64
   0021 80                   79 	.db #0x80	; 128
   0022 20                   80 	.db #0x20	; 32
   0023 00                   81 	.db #0x00	; 0
   0024 40                   82 	.db #0x40	; 64
   0025 A0                   83 	.db #0xA0	; 160
   0026 40                   84 	.db #0x40	; 64
   0027 A0                   85 	.db #0xA0	; 160
   0028 E0                   86 	.db #0xE0	; 224
   0029 00                   87 	.db #0x00	; 0
   002A 80                   88 	.db #0x80	; 128
   002B 80                   89 	.db #0x80	; 128
   002C 00                   90 	.db #0x00	; 0
   002D 00                   91 	.db #0x00	; 0
   002E 00                   92 	.db #0x00	; 0
   002F 00                   93 	.db #0x00	; 0
   0030 40                   94 	.db #0x40	; 64
   0031 80                   95 	.db #0x80	; 128
   0032 80                   96 	.db #0x80	; 128
   0033 80                   97 	.db #0x80	; 128
   0034 40                   98 	.db #0x40	; 64
   0035 00                   99 	.db #0x00	; 0
   0036 80                  100 	.db #0x80	; 128
   0037 40                  101 	.db #0x40	; 64
   0038 40                  102 	.db #0x40	; 64
   0039 40                  103 	.db #0x40	; 64
   003A 80                  104 	.db #0x80	; 128
   003B 00                  105 	.db #0x00	; 0
   003C 00                  106 	.db #0x00	; 0
   003D 40                  107 	.db #0x40	; 64
   003E E0                  108 	.db #0xE0	; 224
   003F E0                  109 	.db #0xE0	; 224
   0040 40                  110 	.db #0x40	; 64
   0041 00                  111 	.db #0x00	; 0
   0042 00                  112 	.db #0x00	; 0
   0043 40                  113 	.db #0x40	; 64
   0044 E0                  114 	.db #0xE0	; 224
   0045 40                  115 	.db #0x40	; 64
   0046 00                  116 	.db #0x00	; 0
   0047 00                  117 	.db #0x00	; 0
   0048 00                  118 	.db #0x00	; 0
   0049 00                  119 	.db #0x00	; 0
   004A 40                  120 	.db #0x40	; 64
   004B 40                  121 	.db #0x40	; 64
   004C 80                  122 	.db #0x80	; 128
   004D 00                  123 	.db #0x00	; 0
   004E 00                  124 	.db #0x00	; 0
   004F 00                  125 	.db #0x00	; 0
   0050 E0                  126 	.db #0xE0	; 224
   0051 00                  127 	.db #0x00	; 0
   0052 00                  128 	.db #0x00	; 0
   0053 00                  129 	.db #0x00	; 0
   0054 00                  130 	.db #0x00	; 0
   0055 00                  131 	.db #0x00	; 0
   0056 00                  132 	.db #0x00	; 0
   0057 00                  133 	.db #0x00	; 0
   0058 80                  134 	.db #0x80	; 128
   0059 00                  135 	.db #0x00	; 0
   005A 20                  136 	.db #0x20	; 32
   005B 20                  137 	.db #0x20	; 32
   005C 40                  138 	.db #0x40	; 64
   005D 80                  139 	.db #0x80	; 128
   005E 80                  140 	.db #0x80	; 128
   005F 00                  141 	.db #0x00	; 0
   0060 60                  142 	.db #0x60	; 96
   0061 A0                  143 	.db #0xA0	; 160
   0062 A0                  144 	.db #0xA0	; 160
   0063 A0                  145 	.db #0xA0	; 160
   0064 C0                  146 	.db #0xC0	; 192
   0065 00                  147 	.db #0x00	; 0
   0066 40                  148 	.db #0x40	; 64
   0067 C0                  149 	.db #0xC0	; 192
   0068 40                  150 	.db #0x40	; 64
   0069 40                  151 	.db #0x40	; 64
   006A E0                  152 	.db #0xE0	; 224
   006B 00                  153 	.db #0x00	; 0
   006C 40                  154 	.db #0x40	; 64
   006D A0                  155 	.db #0xA0	; 160
   006E 20                  156 	.db #0x20	; 32
   006F 40                  157 	.db #0x40	; 64
   0070 E0                  158 	.db #0xE0	; 224
   0071 00                  159 	.db #0x00	; 0
   0072 C0                  160 	.db #0xC0	; 192
   0073 20                  161 	.db #0x20	; 32
   0074 C0                  162 	.db #0xC0	; 192
   0075 20                  163 	.db #0x20	; 32
   0076 C0                  164 	.db #0xC0	; 192
   0077 00                  165 	.db #0x00	; 0
   0078 20                  166 	.db #0x20	; 32
   0079 A0                  167 	.db #0xA0	; 160
   007A E0                  168 	.db #0xE0	; 224
   007B 20                  169 	.db #0x20	; 32
   007C 20                  170 	.db #0x20	; 32
   007D 00                  171 	.db #0x00	; 0
   007E E0                  172 	.db #0xE0	; 224
   007F 80                  173 	.db #0x80	; 128
   0080 C0                  174 	.db #0xC0	; 192
   0081 20                  175 	.db #0x20	; 32
   0082 C0                  176 	.db #0xC0	; 192
   0083 00                  177 	.db #0x00	; 0
   0084 60                  178 	.db #0x60	; 96
   0085 80                  179 	.db #0x80	; 128
   0086 E0                  180 	.db #0xE0	; 224
   0087 A0                  181 	.db #0xA0	; 160
   0088 E0                  182 	.db #0xE0	; 224
   0089 00                  183 	.db #0x00	; 0
   008A E0                  184 	.db #0xE0	; 224
   008B 20                  185 	.db #0x20	; 32
   008C 20                  186 	.db #0x20	; 32
   008D 40                  187 	.db #0x40	; 64
   008E 40                  188 	.db #0x40	; 64
   008F 00                  189 	.db #0x00	; 0
   0090 E0                  190 	.db #0xE0	; 224
   0091 A0                  191 	.db #0xA0	; 160
   0092 40                  192 	.db #0x40	; 64
   0093 A0                  193 	.db #0xA0	; 160
   0094 E0                  194 	.db #0xE0	; 224
   0095 00                  195 	.db #0x00	; 0
   0096 E0                  196 	.db #0xE0	; 224
   0097 A0                  197 	.db #0xA0	; 160
   0098 E0                  198 	.db #0xE0	; 224
   0099 20                  199 	.db #0x20	; 32
   009A C0                  200 	.db #0xC0	; 192
   009B 00                  201 	.db #0x00	; 0
   009C 00                  202 	.db #0x00	; 0
   009D 40                  203 	.db #0x40	; 64
   009E 00                  204 	.db #0x00	; 0
   009F 40                  205 	.db #0x40	; 64
   00A0 00                  206 	.db #0x00	; 0
   00A1 00                  207 	.db #0x00	; 0
   00A2 00                  208 	.db #0x00	; 0
   00A3 40                  209 	.db #0x40	; 64
   00A4 00                  210 	.db #0x00	; 0
   00A5 40                  211 	.db #0x40	; 64
   00A6 80                  212 	.db #0x80	; 128
   00A7 00                  213 	.db #0x00	; 0
   00A8 20                  214 	.db #0x20	; 32
   00A9 40                  215 	.db #0x40	; 64
   00AA 80                  216 	.db #0x80	; 128
   00AB 40                  217 	.db #0x40	; 64
   00AC 20                  218 	.db #0x20	; 32
   00AD 00                  219 	.db #0x00	; 0
   00AE 00                  220 	.db #0x00	; 0
   00AF E0                  221 	.db #0xE0	; 224
   00B0 00                  222 	.db #0x00	; 0
   00B1 E0                  223 	.db #0xE0	; 224
   00B2 00                  224 	.db #0x00	; 0
   00B3 00                  225 	.db #0x00	; 0
   00B4 80                  226 	.db #0x80	; 128
   00B5 40                  227 	.db #0x40	; 64
   00B6 20                  228 	.db #0x20	; 32
   00B7 40                  229 	.db #0x40	; 64
   00B8 80                  230 	.db #0x80	; 128
   00B9 00                  231 	.db #0x00	; 0
   00BA C0                  232 	.db #0xC0	; 192
   00BB 20                  233 	.db #0x20	; 32
   00BC 40                  234 	.db #0x40	; 64
   00BD 00                  235 	.db #0x00	; 0
   00BE 40                  236 	.db #0x40	; 64
   00BF 00                  237 	.db #0x00	; 0
   00C0 40                  238 	.db #0x40	; 64
   00C1 A0                  239 	.db #0xA0	; 160
   00C2 E0                  240 	.db #0xE0	; 224
   00C3 80                  241 	.db #0x80	; 128
   00C4 60                  242 	.db #0x60	; 96
   00C5 00                  243 	.db #0x00	; 0
   00C6 40                  244 	.db #0x40	; 64
   00C7 A0                  245 	.db #0xA0	; 160
   00C8 E0                  246 	.db #0xE0	; 224
   00C9 A0                  247 	.db #0xA0	; 160
   00CA A0                  248 	.db #0xA0	; 160
   00CB 00                  249 	.db #0x00	; 0
   00CC E0                  250 	.db #0xE0	; 224
   00CD A0                  251 	.db #0xA0	; 160
   00CE C0                  252 	.db #0xC0	; 192
   00CF A0                  253 	.db #0xA0	; 160
   00D0 E0                  254 	.db #0xE0	; 224
   00D1 00                  255 	.db #0x00	; 0
   00D2 60                  256 	.db #0x60	; 96
   00D3 80                  257 	.db #0x80	; 128
   00D4 80                  258 	.db #0x80	; 128
   00D5 80                  259 	.db #0x80	; 128
   00D6 60                  260 	.db #0x60	; 96
   00D7 00                  261 	.db #0x00	; 0
   00D8 C0                  262 	.db #0xC0	; 192
   00D9 A0                  263 	.db #0xA0	; 160
   00DA A0                  264 	.db #0xA0	; 160
   00DB A0                  265 	.db #0xA0	; 160
   00DC C0                  266 	.db #0xC0	; 192
   00DD 00                  267 	.db #0x00	; 0
   00DE E0                  268 	.db #0xE0	; 224
   00DF 80                  269 	.db #0x80	; 128
   00E0 C0                  270 	.db #0xC0	; 192
   00E1 80                  271 	.db #0x80	; 128
   00E2 E0                  272 	.db #0xE0	; 224
   00E3 00                  273 	.db #0x00	; 0
   00E4 E0                  274 	.db #0xE0	; 224
   00E5 80                  275 	.db #0x80	; 128
   00E6 C0                  276 	.db #0xC0	; 192
   00E7 80                  277 	.db #0x80	; 128
   00E8 80                  278 	.db #0x80	; 128
   00E9 00                  279 	.db #0x00	; 0
   00EA 60                  280 	.db #0x60	; 96
   00EB 80                  281 	.db #0x80	; 128
   00EC A0                  282 	.db #0xA0	; 160
   00ED A0                  283 	.db #0xA0	; 160
   00EE 60                  284 	.db #0x60	; 96
   00EF 00                  285 	.db #0x00	; 0
   00F0 A0                  286 	.db #0xA0	; 160
   00F1 A0                  287 	.db #0xA0	; 160
   00F2 E0                  288 	.db #0xE0	; 224
   00F3 A0                  289 	.db #0xA0	; 160
   00F4 A0                  290 	.db #0xA0	; 160
   00F5 00                  291 	.db #0x00	; 0
   00F6 E0                  292 	.db #0xE0	; 224
   00F7 40                  293 	.db #0x40	; 64
   00F8 40                  294 	.db #0x40	; 64
   00F9 40                  295 	.db #0x40	; 64
   00FA E0                  296 	.db #0xE0	; 224
   00FB 00                  297 	.db #0x00	; 0
   00FC 60                  298 	.db #0x60	; 96
   00FD 20                  299 	.db #0x20	; 32
   00FE 20                  300 	.db #0x20	; 32
   00FF 20                  301 	.db #0x20	; 32
   0100 C0                  302 	.db #0xC0	; 192
   0101 00                  303 	.db #0x00	; 0
   0102 A0                  304 	.db #0xA0	; 160
   0103 A0                  305 	.db #0xA0	; 160
   0104 C0                  306 	.db #0xC0	; 192
   0105 A0                  307 	.db #0xA0	; 160
   0106 A0                  308 	.db #0xA0	; 160
   0107 00                  309 	.db #0x00	; 0
   0108 80                  310 	.db #0x80	; 128
   0109 80                  311 	.db #0x80	; 128
   010A 80                  312 	.db #0x80	; 128
   010B 80                  313 	.db #0x80	; 128
   010C E0                  314 	.db #0xE0	; 224
   010D 00                  315 	.db #0x00	; 0
   010E A0                  316 	.db #0xA0	; 160
   010F E0                  317 	.db #0xE0	; 224
   0110 A0                  318 	.db #0xA0	; 160
   0111 A0                  319 	.db #0xA0	; 160
   0112 A0                  320 	.db #0xA0	; 160
   0113 00                  321 	.db #0x00	; 0
   0114 A0                  322 	.db #0xA0	; 160
   0115 E0                  323 	.db #0xE0	; 224
   0116 E0                  324 	.db #0xE0	; 224
   0117 A0                  325 	.db #0xA0	; 160
   0118 A0                  326 	.db #0xA0	; 160
   0119 00                  327 	.db #0x00	; 0
   011A 40                  328 	.db #0x40	; 64
   011B A0                  329 	.db #0xA0	; 160
   011C A0                  330 	.db #0xA0	; 160
   011D A0                  331 	.db #0xA0	; 160
   011E 40                  332 	.db #0x40	; 64
   011F 00                  333 	.db #0x00	; 0
   0120 C0                  334 	.db #0xC0	; 192
   0121 A0                  335 	.db #0xA0	; 160
   0122 C0                  336 	.db #0xC0	; 192
   0123 80                  337 	.db #0x80	; 128
   0124 80                  338 	.db #0x80	; 128
   0125 00                  339 	.db #0x00	; 0
   0126 40                  340 	.db #0x40	; 64
   0127 A0                  341 	.db #0xA0	; 160
   0128 A0                  342 	.db #0xA0	; 160
   0129 C0                  343 	.db #0xC0	; 192
   012A 20                  344 	.db #0x20	; 32
   012B 00                  345 	.db #0x00	; 0
   012C C0                  346 	.db #0xC0	; 192
   012D A0                  347 	.db #0xA0	; 160
   012E C0                  348 	.db #0xC0	; 192
   012F A0                  349 	.db #0xA0	; 160
   0130 A0                  350 	.db #0xA0	; 160
   0131 00                  351 	.db #0x00	; 0
   0132 60                  352 	.db #0x60	; 96
   0133 80                  353 	.db #0x80	; 128
   0134 E0                  354 	.db #0xE0	; 224
   0135 20                  355 	.db #0x20	; 32
   0136 C0                  356 	.db #0xC0	; 192
   0137 00                  357 	.db #0x00	; 0
   0138 E0                  358 	.db #0xE0	; 224
   0139 40                  359 	.db #0x40	; 64
   013A 40                  360 	.db #0x40	; 64
   013B 40                  361 	.db #0x40	; 64
   013C 40                  362 	.db #0x40	; 64
   013D 00                  363 	.db #0x00	; 0
   013E A0                  364 	.db #0xA0	; 160
   013F A0                  365 	.db #0xA0	; 160
   0140 A0                  366 	.db #0xA0	; 160
   0141 A0                  367 	.db #0xA0	; 160
   0142 60                  368 	.db #0x60	; 96
   0143 00                  369 	.db #0x00	; 0
   0144 A0                  370 	.db #0xA0	; 160
   0145 A0                  371 	.db #0xA0	; 160
   0146 A0                  372 	.db #0xA0	; 160
   0147 A0                  373 	.db #0xA0	; 160
   0148 40                  374 	.db #0x40	; 64
   0149 00                  375 	.db #0x00	; 0
   014A A0                  376 	.db #0xA0	; 160
   014B A0                  377 	.db #0xA0	; 160
   014C A0                  378 	.db #0xA0	; 160
   014D E0                  379 	.db #0xE0	; 224
   014E A0                  380 	.db #0xA0	; 160
   014F 00                  381 	.db #0x00	; 0
   0150 A0                  382 	.db #0xA0	; 160
   0151 A0                  383 	.db #0xA0	; 160
   0152 40                  384 	.db #0x40	; 64
   0153 A0                  385 	.db #0xA0	; 160
   0154 A0                  386 	.db #0xA0	; 160
   0155 00                  387 	.db #0x00	; 0
   0156 A0                  388 	.db #0xA0	; 160
   0157 A0                  389 	.db #0xA0	; 160
   0158 40                  390 	.db #0x40	; 64
   0159 40                  391 	.db #0x40	; 64
   015A 40                  392 	.db #0x40	; 64
   015B 00                  393 	.db #0x00	; 0
   015C E0                  394 	.db #0xE0	; 224
   015D 20                  395 	.db #0x20	; 32
   015E 40                  396 	.db #0x40	; 64
   015F 80                  397 	.db #0x80	; 128
   0160 E0                  398 	.db #0xE0	; 224
   0161 00                  399 	.db #0x00	; 0
   0162 C0                  400 	.db #0xC0	; 192
   0163 80                  401 	.db #0x80	; 128
   0164 80                  402 	.db #0x80	; 128
   0165 80                  403 	.db #0x80	; 128
   0166 C0                  404 	.db #0xC0	; 192
   0167 00                  405 	.db #0x00	; 0
   0168 80                  406 	.db #0x80	; 128
   0169 80                  407 	.db #0x80	; 128
   016A 40                  408 	.db #0x40	; 64
   016B 20                  409 	.db #0x20	; 32
   016C 20                  410 	.db #0x20	; 32
   016D 00                  411 	.db #0x00	; 0
   016E C0                  412 	.db #0xC0	; 192
   016F 40                  413 	.db #0x40	; 64
   0170 40                  414 	.db #0x40	; 64
   0171 40                  415 	.db #0x40	; 64
   0172 C0                  416 	.db #0xC0	; 192
   0173 00                  417 	.db #0x00	; 0
   0174 40                  418 	.db #0x40	; 64
   0175 A0                  419 	.db #0xA0	; 160
   0176 00                  420 	.db #0x00	; 0
   0177 00                  421 	.db #0x00	; 0
   0178 00                  422 	.db #0x00	; 0
   0179 00                  423 	.db #0x00	; 0
   017A 00                  424 	.db #0x00	; 0
   017B 00                  425 	.db #0x00	; 0
   017C 00                  426 	.db #0x00	; 0
   017D 00                  427 	.db #0x00	; 0
   017E E0                  428 	.db #0xE0	; 224
   017F 00                  429 	.db #0x00	; 0
   0180 80                  430 	.db #0x80	; 128
   0181 40                  431 	.db #0x40	; 64
   0182 00                  432 	.db #0x00	; 0
   0183 00                  433 	.db #0x00	; 0
   0184 00                  434 	.db #0x00	; 0
   0185 00                  435 	.db #0x00	; 0
   0186 00                  436 	.db #0x00	; 0
   0187 60                  437 	.db #0x60	; 96
   0188 A0                  438 	.db #0xA0	; 160
   0189 A0                  439 	.db #0xA0	; 160
   018A 60                  440 	.db #0x60	; 96
   018B 00                  441 	.db #0x00	; 0
   018C 80                  442 	.db #0x80	; 128
   018D C0                  443 	.db #0xC0	; 192
   018E A0                  444 	.db #0xA0	; 160
   018F A0                  445 	.db #0xA0	; 160
   0190 C0                  446 	.db #0xC0	; 192
   0191 00                  447 	.db #0x00	; 0
   0192 00                  448 	.db #0x00	; 0
   0193 60                  449 	.db #0x60	; 96
   0194 80                  450 	.db #0x80	; 128
   0195 80                  451 	.db #0x80	; 128
   0196 60                  452 	.db #0x60	; 96
   0197 00                  453 	.db #0x00	; 0
   0198 20                  454 	.db #0x20	; 32
   0199 60                  455 	.db #0x60	; 96
   019A A0                  456 	.db #0xA0	; 160
   019B A0                  457 	.db #0xA0	; 160
   019C 60                  458 	.db #0x60	; 96
   019D 00                  459 	.db #0x00	; 0
   019E 00                  460 	.db #0x00	; 0
   019F 40                  461 	.db #0x40	; 64
   01A0 A0                  462 	.db #0xA0	; 160
   01A1 C0                  463 	.db #0xC0	; 192
   01A2 60                  464 	.db #0x60	; 96
   01A3 00                  465 	.db #0x00	; 0
   01A4 20                  466 	.db #0x20	; 32
   01A5 40                  467 	.db #0x40	; 64
   01A6 E0                  468 	.db #0xE0	; 224
   01A7 40                  469 	.db #0x40	; 64
   01A8 40                  470 	.db #0x40	; 64
   01A9 00                  471 	.db #0x00	; 0
   01AA 00                  472 	.db #0x00	; 0
   01AB E0                  473 	.db #0xE0	; 224
   01AC E0                  474 	.db #0xE0	; 224
   01AD 20                  475 	.db #0x20	; 32
   01AE C0                  476 	.db #0xC0	; 192
   01AF 00                  477 	.db #0x00	; 0
   01B0 80                  478 	.db #0x80	; 128
   01B1 C0                  479 	.db #0xC0	; 192
   01B2 A0                  480 	.db #0xA0	; 160
   01B3 A0                  481 	.db #0xA0	; 160
   01B4 A0                  482 	.db #0xA0	; 160
   01B5 00                  483 	.db #0x00	; 0
   01B6 40                  484 	.db #0x40	; 64
   01B7 00                  485 	.db #0x00	; 0
   01B8 C0                  486 	.db #0xC0	; 192
   01B9 40                  487 	.db #0x40	; 64
   01BA E0                  488 	.db #0xE0	; 224
   01BB 00                  489 	.db #0x00	; 0
   01BC 40                  490 	.db #0x40	; 64
   01BD 00                  491 	.db #0x00	; 0
   01BE 40                  492 	.db #0x40	; 64
   01BF 40                  493 	.db #0x40	; 64
   01C0 80                  494 	.db #0x80	; 128
   01C1 00                  495 	.db #0x00	; 0
   01C2 80                  496 	.db #0x80	; 128
   01C3 A0                  497 	.db #0xA0	; 160
   01C4 C0                  498 	.db #0xC0	; 192
   01C5 A0                  499 	.db #0xA0	; 160
   01C6 A0                  500 	.db #0xA0	; 160
   01C7 00                  501 	.db #0x00	; 0
   01C8 40                  502 	.db #0x40	; 64
   01C9 40                  503 	.db #0x40	; 64
   01CA 40                  504 	.db #0x40	; 64
   01CB 40                  505 	.db #0x40	; 64
   01CC 60                  506 	.db #0x60	; 96
   01CD 00                  507 	.db #0x00	; 0
   01CE 00                  508 	.db #0x00	; 0
   01CF A0                  509 	.db #0xA0	; 160
   01D0 E0                  510 	.db #0xE0	; 224
   01D1 A0                  511 	.db #0xA0	; 160
   01D2 A0                  512 	.db #0xA0	; 160
   01D3 00                  513 	.db #0x00	; 0
   01D4 00                  514 	.db #0x00	; 0
   01D5 C0                  515 	.db #0xC0	; 192
   01D6 A0                  516 	.db #0xA0	; 160
   01D7 A0                  517 	.db #0xA0	; 160
   01D8 A0                  518 	.db #0xA0	; 160
   01D9 00                  519 	.db #0x00	; 0
   01DA 00                  520 	.db #0x00	; 0
   01DB 40                  521 	.db #0x40	; 64
   01DC A0                  522 	.db #0xA0	; 160
   01DD A0                  523 	.db #0xA0	; 160
   01DE 40                  524 	.db #0x40	; 64
   01DF 00                  525 	.db #0x00	; 0
   01E0 00                  526 	.db #0x00	; 0
   01E1 C0                  527 	.db #0xC0	; 192
   01E2 A0                  528 	.db #0xA0	; 160
   01E3 C0                  529 	.db #0xC0	; 192
   01E4 80                  530 	.db #0x80	; 128
   01E5 00                  531 	.db #0x00	; 0
   01E6 00                  532 	.db #0x00	; 0
   01E7 60                  533 	.db #0x60	; 96
   01E8 A0                  534 	.db #0xA0	; 160
   01E9 60                  535 	.db #0x60	; 96
   01EA 20                  536 	.db #0x20	; 32
   01EB 00                  537 	.db #0x00	; 0
   01EC 00                  538 	.db #0x00	; 0
   01ED A0                  539 	.db #0xA0	; 160
   01EE C0                  540 	.db #0xC0	; 192
   01EF 80                  541 	.db #0x80	; 128
   01F0 80                  542 	.db #0x80	; 128
   01F1 00                  543 	.db #0x00	; 0
   01F2 00                  544 	.db #0x00	; 0
   01F3 60                  545 	.db #0x60	; 96
   01F4 C0                  546 	.db #0xC0	; 192
   01F5 20                  547 	.db #0x20	; 32
   01F6 C0                  548 	.db #0xC0	; 192
   01F7 00                  549 	.db #0x00	; 0
   01F8 40                  550 	.db #0x40	; 64
   01F9 E0                  551 	.db #0xE0	; 224
   01FA 40                  552 	.db #0x40	; 64
   01FB 40                  553 	.db #0x40	; 64
   01FC 20                  554 	.db #0x20	; 32
   01FD 00                  555 	.db #0x00	; 0
   01FE 00                  556 	.db #0x00	; 0
   01FF A0                  557 	.db #0xA0	; 160
   0200 A0                  558 	.db #0xA0	; 160
   0201 A0                  559 	.db #0xA0	; 160
   0202 60                  560 	.db #0x60	; 96
   0203 00                  561 	.db #0x00	; 0
   0204 00                  562 	.db #0x00	; 0
   0205 A0                  563 	.db #0xA0	; 160
   0206 A0                  564 	.db #0xA0	; 160
   0207 A0                  565 	.db #0xA0	; 160
   0208 40                  566 	.db #0x40	; 64
   0209 00                  567 	.db #0x00	; 0
   020A 00                  568 	.db #0x00	; 0
   020B A0                  569 	.db #0xA0	; 160
   020C A0                  570 	.db #0xA0	; 160
   020D E0                  571 	.db #0xE0	; 224
   020E A0                  572 	.db #0xA0	; 160
   020F 00                  573 	.db #0x00	; 0
   0210 00                  574 	.db #0x00	; 0
   0211 A0                  575 	.db #0xA0	; 160
   0212 40                  576 	.db #0x40	; 64
   0213 40                  577 	.db #0x40	; 64
   0214 A0                  578 	.db #0xA0	; 160
   0215 00                  579 	.db #0x00	; 0
   0216 00                  580 	.db #0x00	; 0
   0217 A0                  581 	.db #0xA0	; 160
   0218 60                  582 	.db #0x60	; 96
   0219 20                  583 	.db #0x20	; 32
   021A C0                  584 	.db #0xC0	; 192
   021B 00                  585 	.db #0x00	; 0
   021C 00                  586 	.db #0x00	; 0
   021D E0                  587 	.db #0xE0	; 224
   021E 40                  588 	.db #0x40	; 64
   021F 80                  589 	.db #0x80	; 128
   0220 E0                  590 	.db #0xE0	; 224
   0221 00                  591 	.db #0x00	; 0
   0222 60                  592 	.db #0x60	; 96
   0223 40                  593 	.db #0x40	; 64
   0224 80                  594 	.db #0x80	; 128
   0225 40                  595 	.db #0x40	; 64
   0226 60                  596 	.db #0x60	; 96
   0227 00                  597 	.db #0x00	; 0
   0228 40                  598 	.db #0x40	; 64
   0229 40                  599 	.db #0x40	; 64
   022A 40                  600 	.db #0x40	; 64
   022B 40                  601 	.db #0x40	; 64
   022C 40                  602 	.db #0x40	; 64
   022D 00                  603 	.db #0x00	; 0
   022E C0                  604 	.db #0xC0	; 192
   022F 40                  605 	.db #0x40	; 64
   0230 20                  606 	.db #0x20	; 32
   0231 40                  607 	.db #0x40	; 64
   0232 C0                  608 	.db #0xC0	; 192
   0233 00                  609 	.db #0x00	; 0
   0234 00                  610 	.db #0x00	; 0
   0235 20                  611 	.db #0x20	; 32
   0236 E0                  612 	.db #0xE0	; 224
   0237 80                  613 	.db #0x80	; 128
   0238 00                  614 	.db #0x00	; 0
   0239 00                  615 	.db #0x00	; 0
   023A E0                  616 	.db #0xE0	; 224
   023B A0                  617 	.db #0xA0	; 160
   023C A0                  618 	.db #0xA0	; 160
   023D A0                  619 	.db #0xA0	; 160
   023E E0                  620 	.db #0xE0	; 224
   023F 00                  621 	.db #0x00	; 0
                            622 	.area _INITIALIZER
                            623 	.area _CABS (ABS)
